<?xml version="1.0" encoding="UTF-8"?>
<robot generator="Robot 4.1.2 (Python 3.10.1 on win32)" generated="20211214 15:32:00.546" rpa="false" schemaversion="2">
<suite id="s1" name="Bookapi" source="C:\robot\talent\bookapi.robot">
<kw name="Dado esteja conectado na API" library="resourceapi" type="SETUP">
<kw name="Create Session" library="RequestsLibrary">
<arg>FakeAPI</arg>
<arg>${base_url_api}</arg>
<doc>Create Session: create a HTTP session to a server</doc>
<msg timestamp="20211214 15:32:00.695" level="INFO">Creating Session using : alias=FakeAPI, url=https://fakerestapi.azurewebsites.net/api/v1, headers={},                     cookies={}, auth=None, timeout=None, proxies=None, verify=False,                     debug=0 </msg>
<status status="PASS" starttime="20211214 15:32:00.695" endtime="20211214 15:32:00.695"/>
</kw>
<status status="PASS" starttime="20211214 15:32:00.694" endtime="20211214 15:32:00.695"/>
</kw>
<test id="s1-t1" name="Buscar Listagem de todos os livros(comando get)">
<kw name="Dado que tenha todos os livros" library="resourceapi">
<kw name="GET On Session" library="RequestsLibrary">
<var>${RESPOSTA}</var>
<arg>FakeAPI</arg>
<arg>Books</arg>
<doc>Sends a GET request on a previously created HTTP Session.</doc>
<msg timestamp="20211214 15:32:03.384" level="INFO">GET Request : url=https://fakerestapi.azurewebsites.net/api/v1/Books 
 path_url=/api/v1/Books 
 headers={'User-Agent': 'python-requests/2.26.0', 'Accept-Encoding': 'gzip, deflate', 'Accept': '*/*', 'Connection': 'keep-alive'} 
 body=None 
 </msg>
<msg timestamp="20211214 15:32:03.386" level="INFO">GET Response : url=https://fakerestapi.azurewebsites.net/api/v1/Books 
 status=200, reason=OK 
 headers={'Transfer-Encoding': 'chunked', 'Content-Type': 'application/json; charset=utf-8; v=1.0', 'Server': 'Kestrel', 'api-supported-versions': '1.0', 'Date': 'Tue, 14 Dec 2021 18:32:06 GMT'} 
 body=[{"id":1,"title":"Book 1","description":"Ipsum est est est dignissim vero dolor dolor et dolore invidunt sadipscing sit in tempor. Dolores ad est vero diam suscipit stet nonumy lorem stet stet diam consetetur eum nonumy ut duo et. No gubergren labore augue sed labore sea feugait aliquam amet dolor et aliquyam dolore aliquyam. Ut elitr aliquip diam erat ut diam dolor aliquam erat et ex gubergren eirmod est nobis sea. Est kasd aliquyam sit amet diam amet kasd invidunt gubergren gubergren facilisis ipsum sadipscing dolores lorem. Lorem stet ipsum tation sit vulputate amet.\n","pageCount":100,"excerpt":"Iusto sed hendrerit clita diam erat accusam nonumy laoreet in amet elit autem quis minim nulla nulla dolor. Diam sit takimata aliquam sed magna eu et sea in erat illum kasd gubergren te et clita blandit et. Quis suscipit diam praesent aliquyam duo aliquyam elitr clita invidunt ea gubergren esse. Labore dolore gubergren voluptua no accusam ea invidunt labore at diam at ipsum consetetur. Elitr et nisl. Feugait at kasd facilisis dolore sit et duis est iriure veniam labore. Sed sed dolore lorem iusto sit ipsum et erat sit. No hendrerit vero elitr feugait et liber delenit magna duis consequat ea laoreet stet gubergren. Sit gubergren te diam sadipscing eirmod dolor amet justo aliquyam placerat. Dolor et stet invidunt sed ea diam sanctus dolor at sadipscing ut rebum erat no. Et erat est feugiat eirmod dolor commodo clita.\nAmet sea gubergren stet dolores zzril lorem eirmod lorem. Exerci molestie est ea diam sanctus tation et cum ipsum accusam nonumy aliquyam. Dolore et esse aliquyam congue qui ut eu volutpat sed nobis facilisi duis delenit invidunt clita. Diam sanctus et facilisis soluta ipsum takimata erat. Accusam iusto sadipscing stet takimata justo. Ipsum amet ipsum kasd feugait et nonumy ut diam dolore ipsum vero. Iusto elit nibh aliquyam eirmod minim no elitr delenit praesent magna. Dolor enim nibh accusam ea tempor lorem vel et aliquyam sed dolores dolore zzril kasd eos ut duo erat. Dolor wisi sit lorem lorem facilisis rebum dolor te lorem dolor ipsum iusto gubergren at nibh erat ad diam. Velit magna takimata lorem dolor blandit dolore invidunt sadipscing at. Et nonumy voluptua eirmod ut. Facilisis eu sadipscing aliquyam ut tempor nostrud accumsan volutpat. Sadipscing erat lorem rebum sanctus dolore ea nibh no eirmod sanctus. Consectetuer accusam sea labore diam dolor invidunt erat dolore facilisi sanctus congue sanctus invidunt erat. Dolore dolores feugait sit duo vero justo duo justo sea tempor sit magna nonumy velit sadipscing. Nonumy nonumy vulputate diam sit ipsum justo iriure labore takimata.\nDolor rebum kasd ut. Ipsum nulla invidunt invidunt consectetuer delenit sit amet volutpat dolore dolor luptatum eos ut diam. Augue ea dolor ut. Vero amet elitr nonumy duo. Minim consectetuer invidunt sanctus clita rebum dolor ipsum erat at ea dolore rebum at lorem diam dolore ea sanctus. Elitr facilisis eos et cum eirmod kasd sed magna sit.\nVel no sadipscing feugait amet eum accusam in eros. Aliquam erat magna amet dolores lorem et sea delenit accusam. Odio sit adipiscing. Et duis et diam vero luptatum eu sit labore dolor diam hendrerit labore velit ut duis sit odio. Amet ea sit exerci lorem ea vero. Magna et amet ex consetetur ipsum. Amet elit aliquyam possim sadipscing dolor aliquyam eirmod erat ea vel at takimata sed diam duis et vel. Ipsum commodo erat lorem assum gubergren no sed aliquam. Sanctus dolores invidunt dignissim duo lorem et kasd invidunt ullamcorper duis no sit. Autem ut delenit quod magna invidunt facer sadipscing dolor lorem velit eos dolor. Facilisi elitr et duis. Lorem dolores tempor sadipscing sed stet dolore lorem sit labore. Amet aliquyam justo gubergren ut et exerci suscipit ut kasd dolore commodo. Placerat eos clita takimata diam ipsum clita aliquyam mazim et amet voluptua et exerci ipsum kasd stet eu aliquyam. Ex nulla facilisis lorem nam ut lorem ut ex no consequat lorem elitr facer.\nElitr ea sit. Et vel invidunt gubergren odio magna at autem eum consequat sed lorem. Et in ut volutpat dignissim erat vero sit sadipscing est elitr laoreet amet qui nibh. Justo minim duo rebum consectetuer clita diam diam. Stet elit tempor in invidunt minim amet illum kasd vero gubergren. Quod dolore lorem facilisis aliquyam. Sanctus takimata consetetur. Accumsan dolore lorem et dolor erat sadipscing. Elitr consectetuer elitr. Nonumy diam clita rebum praesent consetetur clita accusam sit nisl vero nostrud elit takimata. Labore vulputate sed accusam clita ut hendrerit amet. Ipsum aliquyam rebum lorem dolor vel qui. Dolore eos placerat est ut aliquam clita laoreet. Et sed sed amet odio rebum ipsum sed clita diam sit. Iriure clita duo option wisi consetetur dolor gubergren consequat ex sed et nonumy invidunt quis ipsum justo elitr.\n","publishDate":"2021-12-13T18:32:07.459932+00:00"},{"id":2,"title":"Book 2","description":"Dolor ipsum tempor dolore rebum diam eirmod ea invidunt praesent ipsum tation duo. Nam sanctus sit dolores dolor voluptua nostrud at magna eirmod ipsum gubergren nibh ea lorem facilisi esse. Vero stet dolore dolore lorem ullamcorper sed ipsum. Vero vulputate rebum sed sit. Te vel est elitr labore eirmod magna tempor no consectetuer wisi sit consequat sadipscing invidunt. Sadipscing wisi lorem dolore accusam diam velit qui gubergren at euismod amet ut. Invidunt ipsum ut hendrerit gubergren dolor dolor magna in veniam diam sanctus. Dolor sadipscing lorem. Te ea lorem ea enim eirmod invidunt et accusam lorem sed et. Vero gubergren dolores dolores takimata luptatum vel eirmod kasd esse et sit magna et lorem. Sea sea dolor ipsum lorem magna gubergren ea sit at assum suscipit enim et. Commodo no lorem rebum velit takimata est sea erat eu consetetur. Volutpat illum takimata sadipscing. Iriure dolore ad eirmod vel at ipsum aliquyam labore et invidunt et sit. Dolor delenit sit ipsum invidunt aliquyam zzril duis diam tempor. Invidunt voluptua exerci sit dolores et est.\n","pageCount":200,"excerpt":"Sit sea mazim gubergren in et sanctus mazim dignissim sit magna nam volutpat invidunt erat. Justo no eos sadipscing praesent et tation sit dolore diam sed consequat diam eos sanctus aliquyam. Sea lorem sit sanctus autem. Minim ea nibh dolor amet sit ipsum vero no tation ipsum at duis et elit eu. Sadipscing gubergren sadipscing dolor sanctus rebum amet quis tempor ut elitr duis amet dolor in et ea cum nonumy. Et ea clita augue est duo justo ut voluptua ipsum. Delenit et in ex et est facilisi magna kasd ut sit ut ea. Accusam consetetur clita labore eleifend stet option et amet velit voluptua dolore accumsan et.\nAt sanctus lorem sed liber justo dignissim vero justo consequat sed. Vulputate vero tempor diam illum gubergren amet nobis gubergren suscipit dolor laoreet. Voluptua magna no accumsan ipsum amet dolores. Et blandit diam tempor magna sadipscing illum stet clita amet eirmod dolor ex at. Ut vel justo velit tation justo dolores dolores diam adipiscing dolore sit eirmod sadipscing. Magna accusam labore et. Elitr labore kasd takimata in ut no invidunt sea consetetur vero amet. In diam hendrerit. Eirmod eum et et consetetur voluptua est tempor accusam veniam at commodo ipsum aliquyam. Dolor amet et eirmod ipsum aliquip luptatum feugait ipsum dolor diam. Erat ut ea nulla sea at. Dolore nulla et invidunt labore. At elitr et voluptua invidunt dolor et nonummy erat stet eos kasd qui justo et delenit invidunt qui ipsum. Volutpat consequat justo.\nSanctus rebum nostrud vero. Liber nostrud duis sit takimata sit et dolor adipiscing ipsum elitr dolor eros sadipscing dolor sit rebum. Invidunt dolores lorem aliquyam consequat labore nisl takimata sea justo ipsum sed laoreet dolore congue eirmod consequat vero eos. Nonumy feugait eum. Gubergren facilisi eos. Rebum amet dolor nulla kasd et dolor clita. Voluptua nihil ea tincidunt gubergren suscipit sea et aliquyam consetetur amet et sed consetetur euismod. Accusam laoreet dolore imperdiet diam nihil sed sea no dolores amet gubergren est eum magna voluptua dolor. Et et aliquip clita sanctus no dolor suscipit amet est duo eros gubergren iriure. Odio amet sadipscing vero feugiat elitr ipsum. Nonumy molestie amet. Et aliquyam dolor eos assum vero vero ut eleifend rebum et accusam assum magna est. No dolor amet tation rebum kasd dolor consequat accusam sed in stet consequat nisl aliquyam rebum dolor sed assum. Et illum minim ipsum sadipscing sit. Dolor lorem dolores te amet voluptua sadipscing amet rebum euismod ad justo clita dolores erat aliquyam erat amet ad. Sanctus duis ad sit lorem. Diam nonumy no eum consetetur ipsum dolor et.\nLorem diam takimata labore justo dolor sit amet sanctus dolore in ea diam sed consequat option sit ipsum vel. Nonumy vulputate rebum eirmod. Rebum stet dolor amet sit sea clita dolor in duo invidunt magna. Luptatum dolore esse clita dolores sit eirmod et est est sea vulputate consetetur amet diam euismod et. Lorem consequat at et. Dolore sed dolor sadipscing veniam amet sit sit kasd ea sanctus elitr. Diam diam ea vero sit. Diam amet sed clita sanctus et amet dolore ut. Dolore amet duis diam dolor sed consequat molestie sadipscing dolor diam amet.\nAmet at sadipscing kasd option duis facilisis et at dolore ad ipsum sed molestie consetetur lorem aliquyam sea ad. Ipsum invidunt eos nonumy est dolores dolor no takimata iusto nibh dolore lobortis dolore rebum et consequat. Rebum dolore magna exerci erat lorem et eos te et clita enim rebum sed clita aliquyam diam dolore ut. Amet consetetur takimata dolor nonummy amet duis ut ea dolor ea sed sit zzril. Feugiat sit lobortis nonumy facer lobortis vel amet sadipscing elitr eum. Accusam esse sed gubergren dolor assum exerci. Eum no accumsan justo et et magna ipsum. Takimata eros sed. Magna commodo diam eirmod ipsum eos ipsum magna accusam. Et liber takimata lorem ipsum aliquyam commodo sit aliquyam et duis vulputate sed dolor. Kasd lorem vulputate magna placerat at ex diam eirmod blandit sit exerci voluptua s... (set the log level to DEBUG or TRACE to see the full content) 
 </msg>
<msg timestamp="20211214 15:32:03.387" level="INFO">C:\Python310\lib\site-packages\urllib3\connectionpool.py:1013: InsecureRequestWarning: Unverified HTTPS request is being made to host 'fakerestapi.azurewebsites.net'. Adding certificate verification is strongly advised. See: https://urllib3.readthedocs.io/en/1.26.x/advanced-usage.html#ssl-warnings
  warnings.warn(</msg>
<msg timestamp="20211214 15:32:03.388" level="INFO">${RESPOSTA} = &lt;Response [200]&gt;</msg>
<status status="PASS" starttime="20211214 15:32:00.697" endtime="20211214 15:32:03.389"/>
</kw>
<kw name="Log" library="BuiltIn">
<arg>${RESPOSTA.text}</arg>
<doc>Logs the given message with the given level.</doc>
<msg timestamp="20211214 15:32:03.413" level="INFO">[{"id":1,"title":"Book 1","description":"Ipsum est est est dignissim vero dolor dolor et dolore invidunt sadipscing sit in tempor. Dolores ad est vero diam suscipit stet nonumy lorem stet stet diam consetetur eum nonumy ut duo et. No gubergren labore augue sed labore sea feugait aliquam amet dolor et aliquyam dolore aliquyam. Ut elitr aliquip diam erat ut diam dolor aliquam erat et ex gubergren eirmod est nobis sea. Est kasd aliquyam sit amet diam amet kasd invidunt gubergren gubergren facilisis ipsum sadipscing dolores lorem. Lorem stet ipsum tation sit vulputate amet.\n","pageCount":100,"excerpt":"Iusto sed hendrerit clita diam erat accusam nonumy laoreet in amet elit autem quis minim nulla nulla dolor. Diam sit takimata aliquam sed magna eu et sea in erat illum kasd gubergren te et clita blandit et. Quis suscipit diam praesent aliquyam duo aliquyam elitr clita invidunt ea gubergren esse. Labore dolore gubergren voluptua no accusam ea invidunt labore at diam at ipsum consetetur. Elitr et nisl. Feugait at kasd facilisis dolore sit et duis est iriure veniam labore. Sed sed dolore lorem iusto sit ipsum et erat sit. No hendrerit vero elitr feugait et liber delenit magna duis consequat ea laoreet stet gubergren. Sit gubergren te diam sadipscing eirmod dolor amet justo aliquyam placerat. Dolor et stet invidunt sed ea diam sanctus dolor at sadipscing ut rebum erat no. Et erat est feugiat eirmod dolor commodo clita.\nAmet sea gubergren stet dolores zzril lorem eirmod lorem. Exerci molestie est ea diam sanctus tation et cum ipsum accusam nonumy aliquyam. Dolore et esse aliquyam congue qui ut eu volutpat sed nobis facilisi duis delenit invidunt clita. Diam sanctus et facilisis soluta ipsum takimata erat. Accusam iusto sadipscing stet takimata justo. Ipsum amet ipsum kasd feugait et nonumy ut diam dolore ipsum vero. Iusto elit nibh aliquyam eirmod minim no elitr delenit praesent magna. Dolor enim nibh accusam ea tempor lorem vel et aliquyam sed dolores dolore zzril kasd eos ut duo erat. Dolor wisi sit lorem lorem facilisis rebum dolor te lorem dolor ipsum iusto gubergren at nibh erat ad diam. Velit magna takimata lorem dolor blandit dolore invidunt sadipscing at. Et nonumy voluptua eirmod ut. Facilisis eu sadipscing aliquyam ut tempor nostrud accumsan volutpat. Sadipscing erat lorem rebum sanctus dolore ea nibh no eirmod sanctus. Consectetuer accusam sea labore diam dolor invidunt erat dolore facilisi sanctus congue sanctus invidunt erat. Dolore dolores feugait sit duo vero justo duo justo sea tempor sit magna nonumy velit sadipscing. Nonumy nonumy vulputate diam sit ipsum justo iriure labore takimata.\nDolor rebum kasd ut. Ipsum nulla invidunt invidunt consectetuer delenit sit amet volutpat dolore dolor luptatum eos ut diam. Augue ea dolor ut. Vero amet elitr nonumy duo. Minim consectetuer invidunt sanctus clita rebum dolor ipsum erat at ea dolore rebum at lorem diam dolore ea sanctus. Elitr facilisis eos et cum eirmod kasd sed magna sit.\nVel no sadipscing feugait amet eum accusam in eros. Aliquam erat magna amet dolores lorem et sea delenit accusam. Odio sit adipiscing. Et duis et diam vero luptatum eu sit labore dolor diam hendrerit labore velit ut duis sit odio. Amet ea sit exerci lorem ea vero. Magna et amet ex consetetur ipsum. Amet elit aliquyam possim sadipscing dolor aliquyam eirmod erat ea vel at takimata sed diam duis et vel. Ipsum commodo erat lorem assum gubergren no sed aliquam. Sanctus dolores invidunt dignissim duo lorem et kasd invidunt ullamcorper duis no sit. Autem ut delenit quod magna invidunt facer sadipscing dolor lorem velit eos dolor. Facilisi elitr et duis. Lorem dolores tempor sadipscing sed stet dolore lorem sit labore. Amet aliquyam justo gubergren ut et exerci suscipit ut kasd dolore commodo. Placerat eos clita takimata diam ipsum clita aliquyam mazim et amet voluptua et exerci ipsum kasd stet eu aliquyam. Ex nulla facilisis lorem nam ut lorem ut ex no consequat lorem elitr facer.\nElitr ea sit. Et vel invidunt gubergren odio magna at autem eum consequat sed lorem. Et in ut volutpat dignissim erat vero sit sadipscing est elitr laoreet amet qui nibh. Justo minim duo rebum consectetuer clita diam diam. Stet elit tempor in invidunt minim amet illum kasd vero gubergren. Quod dolore lorem facilisis aliquyam. Sanctus takimata consetetur. Accumsan dolore lorem et dolor erat sadipscing. Elitr consectetuer elitr. Nonumy diam clita rebum praesent consetetur clita accusam sit nisl vero nostrud elit takimata. Labore vulputate sed accusam clita ut hendrerit amet. Ipsum aliquyam rebum lorem dolor vel qui. Dolore eos placerat est ut aliquam clita laoreet. Et sed sed amet odio rebum ipsum sed clita diam sit. Iriure clita duo option wisi consetetur dolor gubergren consequat ex sed et nonumy invidunt quis ipsum justo elitr.\n","publishDate":"2021-12-13T18:32:07.459932+00:00"},{"id":2,"title":"Book 2","description":"Dolor ipsum tempor dolore rebum diam eirmod ea invidunt praesent ipsum tation duo. Nam sanctus sit dolores dolor voluptua nostrud at magna eirmod ipsum gubergren nibh ea lorem facilisi esse. Vero stet dolore dolore lorem ullamcorper sed ipsum. Vero vulputate rebum sed sit. Te vel est elitr labore eirmod magna tempor no consectetuer wisi sit consequat sadipscing invidunt. Sadipscing wisi lorem dolore accusam diam velit qui gubergren at euismod amet ut. Invidunt ipsum ut hendrerit gubergren dolor dolor magna in veniam diam sanctus. Dolor sadipscing lorem. Te ea lorem ea enim eirmod invidunt et accusam lorem sed et. Vero gubergren dolores dolores takimata luptatum vel eirmod kasd esse et sit magna et lorem. Sea sea dolor ipsum lorem magna gubergren ea sit at assum suscipit enim et. Commodo no lorem rebum velit takimata est sea erat eu consetetur. Volutpat illum takimata sadipscing. Iriure dolore ad eirmod vel at ipsum aliquyam labore et invidunt et sit. Dolor delenit sit ipsum invidunt aliquyam zzril duis diam tempor. Invidunt voluptua exerci sit dolores et est.\n","pageCount":200,"excerpt":"Sit sea mazim gubergren in et sanctus mazim dignissim sit magna nam volutpat invidunt erat. Justo no eos sadipscing praesent et tation sit dolore diam sed consequat diam eos sanctus aliquyam. Sea lorem sit sanctus autem. Minim ea nibh dolor amet sit ipsum vero no tation ipsum at duis et elit eu. Sadipscing gubergren sadipscing dolor sanctus rebum amet quis tempor ut elitr duis amet dolor in et ea cum nonumy. Et ea clita augue est duo justo ut voluptua ipsum. Delenit et in ex et est facilisi magna kasd ut sit ut ea. Accusam consetetur clita labore eleifend stet option et amet velit voluptua dolore accumsan et.\nAt sanctus lorem sed liber justo dignissim vero justo consequat sed. Vulputate vero tempor diam illum gubergren amet nobis gubergren suscipit dolor laoreet. Voluptua magna no accumsan ipsum amet dolores. Et blandit diam tempor magna sadipscing illum stet clita amet eirmod dolor ex at. Ut vel justo velit tation justo dolores dolores diam adipiscing dolore sit eirmod sadipscing. Magna accusam labore et. Elitr labore kasd takimata in ut no invidunt sea consetetur vero amet. In diam hendrerit. Eirmod eum et et consetetur voluptua est tempor accusam veniam at commodo ipsum aliquyam. Dolor amet et eirmod ipsum aliquip luptatum feugait ipsum dolor diam. Erat ut ea nulla sea at. Dolore nulla et invidunt labore. At elitr et voluptua invidunt dolor et nonummy erat stet eos kasd qui justo et delenit invidunt qui ipsum. Volutpat consequat justo.\nSanctus rebum nostrud vero. Liber nostrud duis sit takimata sit et dolor adipiscing ipsum elitr dolor eros sadipscing dolor sit rebum. Invidunt dolores lorem aliquyam consequat labore nisl takimata sea justo ipsum sed laoreet dolore congue eirmod consequat vero eos. Nonumy feugait eum. Gubergren facilisi eos. Rebum amet dolor nulla kasd et dolor clita. Voluptua nihil ea tincidunt gubergren suscipit sea et aliquyam consetetur amet et sed consetetur euismod. Accusam laoreet dolore imperdiet diam nihil sed sea no dolores amet gubergren est eum magna voluptua dolor. Et et aliquip clita sanctus no dolor suscipit amet est duo eros gubergren iriure. Odio amet sadipscing vero feugiat elitr ipsum. Nonumy molestie amet. Et aliquyam dolor eos assum vero vero ut eleifend rebum et accusam assum magna est. No dolor amet tation rebum kasd dolor consequat accusam sed in stet consequat nisl aliquyam rebum dolor sed assum. Et illum minim ipsum sadipscing sit. Dolor lorem dolores te amet voluptua sadipscing amet rebum euismod ad justo clita dolores erat aliquyam erat amet ad. Sanctus duis ad sit lorem. Diam nonumy no eum consetetur ipsum dolor et.\nLorem diam takimata labore justo dolor sit amet sanctus dolore in ea diam sed consequat option sit ipsum vel. Nonumy vulputate rebum eirmod. Rebum stet dolor amet sit sea clita dolor in duo invidunt magna. Luptatum dolore esse clita dolores sit eirmod et est est sea vulputate consetetur amet diam euismod et. Lorem consequat at et. Dolore sed dolor sadipscing veniam amet sit sit kasd ea sanctus elitr. Diam diam ea vero sit. Diam amet sed clita sanctus et amet dolore ut. Dolore amet duis diam dolor sed consequat molestie sadipscing dolor diam amet.\nAmet at sadipscing kasd option duis facilisis et at dolore ad ipsum sed molestie consetetur lorem aliquyam sea ad. Ipsum invidunt eos nonumy est dolores dolor no takimata iusto nibh dolore lobortis dolore rebum et consequat. Rebum dolore magna exerci erat lorem et eos te et clita enim rebum sed clita aliquyam diam dolore ut. Amet consetetur takimata dolor nonummy amet duis ut ea dolor ea sed sit zzril. Feugiat sit lobortis nonumy facer lobortis vel amet sadipscing elitr eum. Accusam esse sed gubergren dolor assum exerci. Eum no accumsan justo et et magna ipsum. Takimata eros sed. Magna commodo diam eirmod ipsum eos ipsum magna accusam. Et liber takimata lorem ipsum aliquyam commodo sit aliquyam et duis vulputate sed dolor. Kasd lorem vulputate magna placerat at ex diam eirmod blandit sit exerci voluptua sit aliquyam clita ullamcorper stet facilisi. Velit dolore eos facilisis et nulla zzril aliquip dolor sed ea dolor est laoreet est duo. No ipsum et voluptua duo dolor iriure nulla velit takimata in et ea. Clita clita et est lorem rebum feugiat et sed in sed sit dolor dolore amet rebum consectetuer. Et blandit molestie ipsum nonumy ea nostrud. Vero et ea odio autem est rebum consetetur dolore et eum. Eos facer praesent vel dolore duo. Tempor eos blandit diam consequat justo clita.\n","publishDate":"2021-12-12T18:32:07.4600779+00:00"},{"id":3,"title":"Book 3","description":"Dolore dolore qui takimata ipsum stet accusam rebum sit eirmod commodo et sea sit eos hendrerit blandit. Diam vel sanctus dolor et et. Nulla takimata et sadipscing sed. Tincidunt stet nostrud molestie autem nonumy no aliquyam. Consectetuer lorem labore adipiscing aliquyam facer et et clita sanctus no sed. Duo et autem tempor dolor magna dolore ullamcorper sea ipsum dignissim erat sit aliquyam quis. Tincidunt erat nonumy ut ipsum mazim. Consequat sadipscing doming voluptua molestie augue nostrud sea.\n","pageCount":300,"excerpt":"Eu et esse accusam sit amet tempor praesent ea amet invidunt eleifend justo consetetur diam zzril eos accusam nulla. Sanctus sed vero no stet stet facilisis blandit justo aliquyam no sed facer lorem eos lobortis at vero et. Consequat ea consetetur no placerat ipsum amet lorem et dolores te ipsum dolor dolores ipsum takimata ea clita. Tincidunt ea tincidunt vero ipsum et clita dolor dolor. Duis rebum et vero amet kasd ipsum labore sit iriure nostrud consequat amet no eleifend aliquyam. Sit kasd dolore voluptua erat et commodo et luptatum ut at kasd vero et elitr. Tempor aliquyam takimata et vero dolore amet diam consetetur et in assum et accumsan invidunt lorem clita labore feugait. Erat tation eros. Vero sit feugiat ipsum ipsum facer elitr ea. In ipsum diam. Gubergren sed hendrerit nobis.\nFacilisis sed sadipscing consetetur esse elitr magna et dolore justo vulputate. Justo clita ea lorem. Amet elitr ipsum sadipscing ad vero amet labore dolore ullamcorper ea erat sadipscing. Aliquam takimata augue lorem. Rebum sit gubergren aliquyam dolor magna erat rebum esse accusam diam ut ut. Vero lobortis rebum ad sit luptatum et elitr sanctus facilisis. Justo ipsum dolore adipiscing aliquyam stet ipsum eos soluta magna ut gubergren facer vero no diam blandit ut clita. Ut molestie et ut et est justo justo lorem et et dolor consetetur. Est et sea elitr dolores rebum dolor praesent et sed. Et et ut consequat consetetur takimata vero duo wisi dolor ut consequat ullamcorper ea elitr et diam. Sea dolore elitr sanctus sea magna lorem ipsum invidunt illum sadipscing dolore voluptua erat accusam. Sit consequat magna sadipscing adipiscing ut ut magna takimata ipsum vero nonummy kasd qui et lorem euismod. Sit illum ad dolore no sanctus lobortis ipsum sit et ea.\nUt nulla eu sed stet quod no. Praesent vero vero labore sit sea consequat amet facilisis magna lorem ipsum amet laoreet iriure stet. Diam dolores volutpat feugait duo sit laoreet sed invidunt dignissim. No labore ad amet doming erat eos invidunt dolor no ut lorem. Aliquyam dolor consetetur labore invidunt ea dolore consetetur dolore takimata. Elitr ipsum sit eum accusam vero sed aliquyam gubergren tempor et dolore sadipscing labore invidunt ipsum. Takimata kasd ipsum labore takimata eu vero amet rebum.\nEirmod et feugiat. Amet eirmod takimata dolores eros duis dignissim amet. Dolor in labore diam est no sanctus minim suscipit ea dolor aliquyam quis sanctus clita te consetetur. Facilisis nulla vel clita ipsum sed magna sadipscing ipsum dolore iriure amet diam eu clita sed clita nonummy ut. Congue aliquyam at et sea sed stet congue imperdiet voluptua no. Sit nonumy ipsum consetetur est est lorem. Eos nonumy aliquyam gubergren gubergren laoreet lorem invidunt diam clita accusam justo ipsum eos in illum takimata.\nIriure invidunt sed lorem dolores. Consetetur dolore possim justo erat sadipscing dolor et. Euismod vel nonumy wisi. Justo ea stet facilisis consectetuer sit ipsum diam. Tation hendrerit takimata facilisis dolore suscipit erat kasd zzril et. Amet erat sadipscing diam iriure. Magna diam kasd sadipscing labore aliquam stet est diam dolore magna erat sit odio accusam sadipscing. Labore et ea elitr consectetuer ut ipsum nonumy amet. Consetetur dolor erat et gubergren ea stet invidunt consequat kasd enim sed vel et dolor elit labore. At adipiscing aliquyam sed eirmod ea ea laoreet delenit accusam eos stet sed nonumy clita euismod quod nisl. Ut kasd vel sadipscing at tempor amet justo veniam. Ea dolor accusam duo consequat volutpat et eirmod sit et gubergren sea in. Lobortis amet gubergren at laoreet duo sed ipsum duo tempor magna et et. Ipsum laoreet dolore amet sea sea erat diam wisi labore. Vero ipsum sit wisi sit gubergren et eu tation in rebum sadipscing illum vero consequat ipsum voluptua. Sed sed consetetur voluptua sed consetetur invidunt clita gubergren lobortis erat. Dolor amet ipsum nonummy eos et stet erat labore stet dolor luptatum takimata ea magna ut ipsum justo. Dolore gubergren sea sed ut invidunt labore. Ipsum vel et iriure.\n","publishDate":"2021-12-11T18:32:07.4601862+00:00"},{"id":4,"title":"Book 4","description":"Aliquyam ex takimata stet aliquyam dolores accumsan duo sea dolor eos et iriure erat vero volutpat amet esse nulla. Sed vel et takimata nibh et dolor nulla consetetur dolore dolor et justo et ut aliquyam sea rebum. Kasd et dolores duis labore.\n","pageCount":400,"excerpt":"Ipsum gubergren nonumy sit eros labore duo aliquyam vero illum et. Eleifend gubergren blandit no sea sed at et elitr stet aliquyam et et. Sed vero aliquyam wisi volutpat sadipscing et est diam at blandit dolores tation sed lorem nulla. Invidunt ipsum diam eum justo et stet dolor ea accusam diam no dolore dolore aliquyam rebum no aliquam lorem. Clita nulla volutpat stet eos kasd velit invidunt nulla. Mazim vel sed accusam dolor voluptua ex ut magna. At tempor clita velit eirmod minim nostrud justo sed et placerat adipiscing nostrud ut. Et duo dolore eirmod dolor tempor at consetetur nostrud amet kasd ea invidunt. Ea feugiat sadipscing lobortis id clita vel dolore sanctus consequat. Et sanctus sit quod rebum duis sadipscing diam at eum eirmod et diam dolore justo commodo. Elitr tempor dolores qui dolore dolore vulputate lorem diam amet nulla veniam. Amet et kasd velit congue exerci et rebum dolor vel sit rebum veniam dolore ut. Dolor tempor at. Tation justo et eos amet dolore dolores. Voluptua ipsum dolores amet. Voluptua aliquyam cum sit wisi ipsum vero. Takimata lorem sanctus. Dolore ut euismod nulla nam delenit. Ipsum ea rebum dolor sanctus aliquyam eros elitr magna sadipscing eirmod.\nAugue in gubergren ut diam takimata et kasd dolore. Delenit dolor dolore. Lorem stet ut eum ut eos accusam vero sanctus sanctus ea eum invidunt stet sit amet et diam. Invidunt possim duis nulla invidunt amet voluptua at quis diam eirmod justo. Ut takimata ullamcorper takimata at sanctus magna elit sed dolores stet eleifend vulputate stet tincidunt voluptua dolor dolor. Praesent lorem et voluptua erat imperdiet magna. Voluptua elitr ex amet ea eirmod dolores eu ipsum amet ipsum dolor vero.\nClita vulputate eos et erat eos sadipscing erat ipsum labore. Consequat tempor elitr. Clita zzril lorem tempor eleifend ut elitr et est sadipscing dignissim nibh dolore volutpat. Et ut sit eirmod laoreet magna diam et sit amet takimata sed. Euismod eos commodo eos et aliquam et clita. Dolore suscipit erat autem sed et takimata ipsum dolore justo ut aliquyam ea in et. Esse tempor rebum diam et et iusto et et rebum nibh eos elitr dolor elitr stet hendrerit mazim. Molestie rebum ut veniam at ut ut et. Dolores molestie exerci sanctus kasd elit qui voluptua eos nulla dolores erat et rebum gubergren clita. Sed sadipscing et at nibh. Et sea commodo. Erat sea stet ipsum nibh feugiat accumsan. Elitr aliquam duis dolore ex justo diam te ut ea amet rebum amet nonumy ipsum voluptua. Voluptua consetetur sed in. Et ipsum ut esse hendrerit gubergren nisl tempor takimata facer augue. Eros lorem est lorem euismod. Ipsum dolor odio accusam takimata diam stet et adipiscing duis voluptua amet sed. Eirmod rebum vero takimata dolores dolor.\nEa rebum et magna dolores diam no magna lorem invidunt amet consetetur justo feugiat amet. Commodo ut euismod eirmod. Magna lorem luptatum gubergren eirmod sed dolores amet stet rebum consetetur ut ut takimata justo. Illum sea elitr liber esse takimata nonumy elitr nonumy quod. Feugait lorem et. Rebum rebum sit magna et accusam sed dolores sanctus ipsum ea sadipscing nam aliquyam dolor. Commodo ea sadipscing sit accusam eirmod eirmod. Dolore dolore dolore vero odio nibh facilisi erat justo at zzril eirmod consetetur facilisis justo. No eirmod delenit dolor duis feugait elitr iriure nibh praesent suscipit. Eu vero erat magna diam est dolor sadipscing lorem sed elitr euismod facilisi sanctus dolor lorem vero vel praesent. Commodo nostrud placerat placerat eos magna augue no et eu qui gubergren. Et sit diam. Stet consetetur sea stet eros ex nulla dolor amet ad dolore autem gubergren accusam magna placerat. Dolore sed takimata dolor in luptatum nonummy stet tincidunt et. Zzril qui nibh elitr. Diam dolore justo ipsum sit euismod. Aliquyam clita duis invidunt sit erat consetetur aliquyam justo et et et dolore eos invidunt nostrud et dolor. Est stet voluptua elitr.\nErat eu diam elitr eirmod. Facilisi wisi invidunt nobis augue lorem lorem rebum no diam takimata justo accusam clita voluptua. Justo minim amet lorem invidunt. Amet voluptua consetetur duo dolore sed labore no ipsum dolor ad dolor ut diam magna eirmod ipsum ut.\n","publishDate":"2021-12-10T18:32:07.460302+00:00"},{"id":5,"title":"Book 5","description":"Duo et ipsum nulla invidunt aliquyam lorem sadipscing molestie est lorem nonummy amet. Eirmod molestie no accumsan dolores vero. Sed est volutpat sed et stet autem sanctus et nulla eirmod sadipscing takimata diam. Justo illum ea ut eu tempor et eos tincidunt. Eos et dolores luptatum amet magna et molestie clita ipsum justo no te amet lorem et. Ipsum praesent sanctus dolor dolores dolor sed nonumy sea molestie clita luptatum vero aliquyam facilisi in ipsum. Dignissim duis lorem accusam aliquyam nonumy et voluptua facilisi et sadipscing velit. Ullamcorper ipsum accusam commodo justo tation tempor est justo elit gubergren diam justo gubergren dolor sadipscing.\n","pageCount":500,"excerpt":"Ea accusam voluptua takimata nobis dolores. Amet accumsan sanctus et sit blandit eos aliquyam feugiat accumsan invidunt sadipscing. Et ex quod lorem eirmod diam amet commodo vulputate quis dignissim justo. Minim elitr dolore dolor sit consetetur ex labore at takimata accusam zzril clita gubergren rebum lorem no erat et. Gubergren minim illum clita.\nIpsum qui consequat. Accusam eos molestie euismod dolor justo est invidunt est rebum sanctus ea. Consetetur takimata sit sadipscing ea lorem accumsan at ipsum sit dolor autem wisi vel ipsum vero nisl sit tempor. Sanctus delenit invidunt diam. Tempor diam amet eos dolor aliquyam kasd sed consequat qui velit lorem at amet qui sea aliquyam dolor. Voluptua eos erat consetetur ex. Clita stet lorem vero amet sit sit sit minim ea dolor sadipscing gubergren dolor ipsum adipiscing nihil duis. Erat facilisis sanctus dolor diam eum ea dolores aliquyam et dolore diam et ut dolores stet amet amet. Molestie euismod doming aliquyam amet ut sea elitr sanctus diam hendrerit aliquam doming est mazim lorem invidunt lorem. Sit aliquip invidunt sit. Luptatum veniam justo feugiat dolor nostrud in euismod voluptua no tempor et. Quod sit tempor nonumy no sed sed accusam id lorem duo aliquyam.\nLabore rebum iriure gubergren nonumy aliquyam vel placerat justo eirmod et labore. Clita lorem nobis. Sit sed nonumy ut imperdiet assum gubergren no minim ullamcorper. Ut sanctus rebum nihil sed amet sed labore rebum duo dolor sea elitr vulputate. Facilisis ut aliquip lorem magna nonumy amet takimata erat ea ut in. Tincidunt takimata eu eirmod et sanctus sadipscing aliquyam eu mazim sadipscing. Vulputate sanctus rebum dolor suscipit iriure elitr sit amet aliquyam rebum sea justo doming rebum dolore. Amet stet stet autem diam accusam diam diam eu est justo vero. Te hendrerit aliquyam et esse nulla et justo. Nonummy diam amet justo et takimata ullamcorper ea commodo wisi consetetur augue invidunt. Consequat ut diam rebum erat takimata no amet ut tempor wisi amet dolore tation. Lorem dolore gubergren at amet lorem ipsum ut vero. Ipsum et aliquyam amet dolor. Labore sea vel. Delenit voluptua facilisis voluptua sadipscing. Diam dolor sea ex accusam enim gubergren sadipscing. Est sit facilisis. Stet dolores sanctus voluptua. Invidunt aliquyam clita voluptua.\nNulla no est ea et duis vero sadipscing et et kasd diam. Stet amet eirmod tempor ea. Illum vel lobortis elitr sit gubergren takimata at eirmod et duo. Et diam dolor dolore kasd wisi sed consequat velit diam aliquam consetetur dolore nostrud accumsan. Eirmod eos iusto minim velit nonumy velit consectetuer in ut. Sit wisi no imperdiet dolor sea eos vel et sed. Eirmod ipsum invidunt sed sit congue magna lorem tincidunt ea eos quis dolor magna at sea. Sadipscing accusam kasd labore sed est dolore feugait dolore amet no stet ut blandit eum dolore zzril doming. Amet sed amet. Tation eirmod amet ipsum vero aliquam kasd eos. Dolor justo justo labore lorem magna. At nonumy eos at et dolor sanctus duo dolor consetetur dolore mazim stet veniam dolore lorem ipsum molestie accusam.\nEt consequat voluptua ea invidunt erat dolor duis magna ea labore dolor sit est. Et amet sed vero diam est facilisi dolor veniam nonumy. Ipsum sed consetetur accusam elitr vel gubergren feugiat sed dolor quis ipsum dolor invidunt. Vulputate ea delenit est sed nam feugait diam et magna wisi vero justo eos sed kasd. Eos lorem nonumy eos consetetur sed tempor nonumy feugait dolor ea diam. Aliquyam duo kasd feugiat possim nonummy lorem at mazim voluptua eos et dolores. Vero dolore exerci tation dolores vel. Delenit dolore et ex erat kasd dolore diam clita sea amet amet sea sed et lorem erat accusam eros. Clita dolore praesent diam at sea duis dolor augue consetetur justo dolore eum amet sadipscing lorem et tempor dolor. Duis vero diam eirmod lorem at duo lorem dolores duis. Ipsum est takimata eos no ex. Facer consetetur nonummy ut consequat lorem ad dolore facilisis. Elitr vulputate diam invidunt aliquyam erat sit dolore id commodo amet lorem dolor ex dolor ipsum. Ut et sanctus dolor nibh dolore amet sadipscing et sed justo diam. Stet feugiat sadipscing est invidunt quod facilisi te dolor dolore et sit at labore justo sed et sit. Diam lorem duo et te. Et magna ad et duis sanctus ut et assum ad nihil gubergren sed. Elitr at ipsum vero at lorem eos tempor sed facilisis facilisi vero amet clita te ipsum dolor tempor. Ipsum lorem et liber amet dolor iriure accusam eirmod duo dolores dolore te lorem.\n","publishDate":"2021-12-09T18:32:07.4604303+00:00"},{"id":6,"title":"Book 6","description":"Accumsan eos duis autem vulputate hendrerit eos duis nonumy sadipscing et dolores sed consetetur et dolore diam. Labore dolor ex invidunt eleifend et labore accusam ipsum kasd vulputate dolore. Dolor facilisi nam takimata gubergren rebum aliquyam labore facilisi ea lorem dolor at enim vel. Tempor hendrerit eos iriure diam dolore ipsum dolor facilisi dolor praesent sed duis voluptua dolore sed rebum. Sed tempor erat. Invidunt iriure accusam eirmod tation. Et gubergren invidunt eos erat invidunt stet lorem assum stet tempor eos no justo. Eleifend amet suscipit ipsum duis rebum sit lorem clita tempor. Et eu sit nonumy sed sadipscing sadipscing euismod lorem stet rebum stet sed dignissim sit ipsum. Consequat no sit illum et zzril qui laoreet iusto consequat ut vero erat at hendrerit quod. Dolore eirmod labore diam. Tempor est ut consectetuer nonumy amet vel kasd lorem aliquyam. Hendrerit invidunt nostrud amet dolor aliquyam aliquam consetetur illum sed wisi. Duo est lorem stet nonummy takimata iusto qui ea lobortis dolore nostrud minim blandit tempor ut dolores et. Vel odio est consetetur odio sit ex sit. Esse et lorem accusam. Dolor stet diam accusam invidunt lorem amet dolores voluptua et te rebum dolor nisl eirmod ipsum justo ullamcorper invidunt. Stet vero sanctus no zzril qui justo sed eirmod ea et dolores eu nonumy eirmod et eirmod consequat vel. Dolor eirmod facilisis lorem sanctus amet adipiscing consetetur et vero clita dolore erat nulla tempor et ut.\n","pageCount":600,"excerpt":"Amet sit vero amet tation eu consetetur et clita. Dolore invidunt kasd ut amet clita eirmod vero sit et iriure ipsum lorem duo duo et diam. Duis et illum nibh est dolor nonumy et amet dolore. Ipsum sanctus gubergren feugiat nonumy iriure te. Et diam lorem kasd ut dolore vero amet justo sed erat ipsum nibh amet clita. Eum dolor dolore sed. Accusam gubergren ipsum et rebum dolor eirmod sed sit clita nonumy praesent no amet sit cum nobis tempor et. Rebum gubergren duo invidunt esse. Sit accusam feugait ea dolores. Aliquyam vero iriure sea magna zzril voluptua dolor sed nam amet aliquam vulputate magna kasd dolor. Vel tempor commodo nobis lorem aliquyam eirmod sanctus consequat imperdiet sea consequat laoreet. Justo est molestie gubergren aliquam vel nihil magna ipsum sea elitr amet velit. Dolores dolor consetetur et et eum ut kasd assum ad ut cum sit vero autem lorem. Et erat ea voluptua. Tempor sanctus velit nisl nulla aliquyam commodo sadipscing et vero. Et consequat eirmod nulla voluptua dolor sit consetetur dolores takimata in dolores dolor est.\nLorem diam facilisi dolor clita ea et ea et et ut. Et takimata volutpat ipsum no invidunt consequat ipsum gubergren sit dolore ea sed sed kasd clita no nulla sed. Sed dolor sit ea magna iusto nonumy ea sed. Ea lorem sadipscing aliquyam veniam sea erat erat sadipscing justo at nonumy molestie vero nonumy eos diam et. Diam sit sit diam exerci at dolore sit mazim est. Minim sadipscing diam ipsum nonummy duo dolores qui sed consetetur elitr commodo invidunt et amet te nobis amet ut. Invidunt adipiscing duis. Sadipscing sit vero lorem sed in no dolores tation dolores sit ipsum molestie dolore takimata dolor exerci. Odio et invidunt laoreet at sed. Amet mazim justo in feugiat nonumy. Duis duo sed magna sit. Lorem rebum aliquyam eirmod. Ipsum eos rebum minim ipsum molestie kasd adipiscing lorem magna clita elitr qui sed dolore magna.\nDiam aliquyam dolore takimata et diam lorem nostrud justo invidunt amet vel labore voluptua dolores. Ipsum vulputate voluptua dolor duo sadipscing. Sed amet lorem et eos augue dolor consetetur voluptua sanctus. Erat magna amet justo dolores rebum quod ipsum eos velit adipiscing voluptua eirmod lorem dolores ut tation ipsum dolore. Gubergren rebum est et consetetur adipiscing et et sed. Duis et enim ipsum sadipscing ea laoreet ut eos dolore imperdiet nonummy sed sadipscing et esse est amet. Diam dolor no et te voluptua et suscipit at lobortis facilisis vulputate ut placerat labore. Nonumy sed aliquip takimata at kasd invidunt et molestie elitr. Nibh stet dolores consequat erat amet tempor et invidunt sit feugait ea vero illum tempor. Est ut eos takimata gubergren ut invidunt sanctus lorem ut stet feugiat elitr blandit. Feugait sed ipsum dignissim enim diam ipsum et autem magna facilisis tempor qui consectetuer sanctus invidunt. Tempor voluptua tation invidunt gubergren luptatum invidunt. Ea magna accusam diam justo amet invidunt dolores elit ut. Nostrud aliquyam eirmod. Quod diam aliquam et stet elit tempor sadipscing.\nEt voluptua kasd consectetuer dolores ea nulla feugiat nonumy tempor ad sed aliquyam ut et sit justo. Invidunt tempor dolore accumsan amet sadipscing invidunt et duo adipiscing lorem augue labore ea. Sanctus lorem elitr delenit stet diam vero cum sea est ex ipsum eirmod erat. Kasd ut veniam diam at clita lorem amet amet sed lorem dolor suscipit diam consetetur delenit. Ut duo et molestie et minim ut invidunt in dolor feugiat et lorem eu ipsum diam takimata.\nInvidunt vero sanctus duo dolore. At dolore ea aliquyam elitr eirmod consetetur clita ea et te eu ipsum labore et sea minim esse. Hendrerit sed facilisis lorem. Takimata feugait at erat sanctus dolor dolor stet dolores velit ipsum sit erat et. Aliquip congue suscipit dolor aliquyam zzril eum nibh stet ut autem. Possim ipsum accusam nonummy est quis eirmod at aliquip labore. Kasd magna sit autem nobis ipsum vel justo sanctus voluptua justo ut ea et rebum et sea consetetur voluptua. Vero vel ea eirmod molestie aliquip ipsum molestie. Accusam rebum et magna ut aliquam et eum. Eros eum accusam sea. Velit eum sit consectetuer eum aliquam vero sadipscing magna ut elitr erat ipsum et eleifend enim sadipscing et et. Ut lorem consetetur elit clita diam nobis et lorem quis est voluptua duo diam at stet takimata eos gubergren.\n","publishDate":"2021-12-08T18:32:07.4605733+00:00"},{"id":7,"title":"Book 7","description":"Tation et sed nonumy invidunt iriure. Sed magna dolore ut dolore exerci sit rebum justo ex molestie. Eos eirmod lorem dolor velit elitr accusam autem. Erat ea stet sed diam stet. Amet magna vel nihil. Et quod amet id dolore cum mazim. Voluptua facilisis gubergren ipsum dolore accusam takimata at. Et kasd eos nibh adipiscing sanctus. Ea sit sit aliquyam vulputate stet et. Accumsan est ipsum ipsum dolor.\n","pageCount":700,"excerpt":"Gubergren et takimata consectetuer vero nonummy ea dolores duis adipiscing sed invidunt et facilisi. Clita diam et ut dolores sed nonumy. Ipsum nulla et nisl duo euismod consequat nonumy lorem ipsum no kasd at.\nMagna veniam eros rebum no. Facilisis iusto lorem dolor invidunt magna sit sed vero. Rebum no justo sadipscing eos sanctus ea diam kasd clita lorem sit elitr stet at dolor option tempor. Feugait magna dolor dignissim amet vero consetetur diam kasd eos nobis. Et dolores ipsum ipsum ad diam ipsum consetetur est nostrud gubergren gubergren eum est gubergren sed. Ut nonumy odio kasd. Dolore et magna nisl. Erat luptatum no diam amet ut. Gubergren illum tempor lorem facilisi dolore dolore consequat dolores ipsum commodo magna odio at consetetur facer. Et sit ut consetetur consequat eos ipsum ea magna vero et. Magna dolor lorem erat ipsum duo est nonumy nulla aliquyam hendrerit sanctus eu clita veniam id dolor. Amet sed accumsan. Erat volutpat nisl elitr sea lorem consetetur enim elitr eirmod magna sanctus aliquyam dolores autem labore justo et nostrud. Ut illum veniam wisi vel duo autem. Ipsum nobis et consequat nihil ea no et rebum sadipscing dolore diam amet lorem nonumy in sit.\nDiam dolores et rebum et tempor. Duis erat at lorem possim dolore amet. Dolore sit sed lorem sadipscing adipiscing qui tempor labore sit erat tempor. Suscipit amet consetetur stet dolore eos esse aliquip. Et magna sit illum dolores nulla consetetur magna dolore dolores dolor vel dignissim nonumy. Dolore dolore in amet lobortis kasd justo sed et ut consequat dignissim et justo labore ea tempor. Duo esse amet dolore velit vulputate aliquam eu ut. Kasd invidunt vero nonumy sea odio vero nostrud dolor veniam sed voluptua et.\nSea eum in ea blandit sed lorem gubergren facer nam ut vulputate amet dolor dolor qui sed. Duo nisl et elitr rebum erat diam est ipsum nonumy justo lorem erat amet. Dolor justo elitr dignissim sadipscing veniam diam eos vero dolore amet et sed nulla euismod voluptua justo. Dolore justo takimata euismod nonumy ipsum clita magna erat aliquyam sit magna kasd aliquip. Aliquyam vulputate elitr et consetetur. Lorem accumsan eos nonumy ea. Sed sadipscing augue duis veniam feugait ea duo vulputate gubergren dolor consectetuer illum et gubergren. Sadipscing stet consetetur velit lorem diam vero velit possim ipsum rebum hendrerit feugiat vulputate ea labore dolores tincidunt imperdiet. Eos nobis eirmod sed no volutpat. Lorem elitr dolore. Odio tempor dolor ipsum lorem tempor duis et lorem in elitr doming. Eu et dolor sea. Eos tincidunt consetetur feugiat lorem odio sit elitr eos dolor clita duo accusam nulla dolore magna odio. Dolor ut no invidunt consectetuer zzril tation amet sea sed et labore dolores dolor erat. Feugiat commodo amet nonumy consequat dolor stet wisi ut consequat tempor duo sed.\nEum diam magna commodo magna takimata iusto in velit iusto iriure ipsum. Magna ipsum at aliquyam rebum vel. Sea duo sea magna erat vero sed sanctus et lorem. Eu diam eos clita diam iriure et. In lorem zzril facilisis. Accusam quod et autem gubergren ea facilisi ut at labore. Et sadipscing enim dolor eirmod clita. Et at sit sed. Magna vero feugait consetetur vero in molestie eos justo nulla ut clita labore ut dolores facilisi erat.\n","publishDate":"2021-12-07T18:32:07.4606677+00:00"},{"id":8,"title":"Book 8","description":"Sit qui clita clita sea blandit et in vero sed et dolor magna lorem elitr takimata option ea sea. Sed duo voluptua sed sit duo invidunt amet accusam elitr aliquyam lorem et et elitr amet ea eu consequat. Elitr sanctus nostrud no rebum diam lorem ipsum consetetur tempor justo augue sed commodo eirmod voluptua ipsum. Ut sanctus odio invidunt erat. No ea et eos rebum voluptua ut sit consetetur eos sed ipsum amet justo. Sanctus dolore nonumy nonumy facilisi diam in gubergren delenit at amet minim nonumy dolore dolores justo. Eirmod invidunt ex tation et ut suscipit vero dolor. Esse et ipsum doming erat et dolore eos vero lorem tempor lorem et. Et et sit sadipscing sadipscing gubergren takimata amet dolore labore feugiat aliquyam lorem ea. Sed sea odio dolor sed est minim consectetuer accusam illum. Justo vel eirmod.\n","pageCount":800,"excerpt":"Labore luptatum dolor sea diam nostrud consetetur ut vero est dolores ipsum ea feugiat takimata blandit takimata. Assum imperdiet clita. Est eum kasd clita tempor. Aliquyam diam eos justo. Gubergren et velit sadipscing justo sit ut diam. No lobortis commodo iusto erat facer clita amet. Et tempor diam vero consequat vel facilisis rebum sadipscing lorem rebum sed at accumsan labore. At sanctus ut clita consectetuer vulputate diam kasd et enim eum accusam kasd tempor est placerat duis. Sit takimata duis gubergren eos nonumy labore nulla takimata sit nostrud dolore sea ipsum feugiat duis aliquyam vero magna. Vero nonumy dolores et aliquam nulla euismod elitr justo lorem takimata sit quis sit consequat in accusam diam adipiscing. Molestie lorem clita eros facilisi in takimata sit at lorem vel sit tempor.\nNo magna elitr facilisis placerat dolor nonumy. Gubergren feugiat dolore et autem amet no lorem ut rebum consetetur ut nostrud amet magna et. Delenit tempor dolore in eum.\nEt facilisi ipsum et ea eos. Eos sanctus et magna consequat gubergren. Iriure gubergren aliquyam kasd voluptua ea voluptua. Et est magna illum ullamcorper kasd. Augue eum ipsum duo facer iriure feugiat invidunt invidunt feugait iriure nihil. Diam kasd amet ut rebum ut eos eos luptatum et accumsan. No no stet rebum. Dolores elitr diam dolor justo diam et rebum et minim. Sed labore aliquip dolor magna nulla ipsum kasd aliquyam kasd ut no.\nDuo nibh iriure praesent. Sit eros stet ut et. Clita dolor et duis gubergren justo zzril iusto tempor at sadipscing aliquyam gubergren lorem. At stet labore laoreet accusam hendrerit congue id voluptua imperdiet ullamcorper tempor volutpat no elitr euismod elitr. Dolor diam molestie erat accusam sit magna soluta dolores accusam eos et ullamcorper justo amet. Magna at consetetur lobortis sea vero ut diam autem takimata sit et exerci hendrerit dolore et. Dolor sit amet ipsum quod velit tempor dolore labore nam dolores. Nonumy aliquyam sit dolore placerat dolor sed et erat et. Amet aliquip eos dolor rebum sed takimata ipsum stet ea rebum. Aliquam molestie sea sadipscing nonumy. Sea justo nonumy amet accumsan. Laoreet nibh veniam et stet dolor labore feugait sed labore. Lorem gubergren consequat dolore sanctus. At tation sed rebum vulputate magna duo lorem facilisi sea aliquyam diam at vero. Laoreet magna possim esse voluptua tempor et esse erat dolor vero dolor diam labore praesent eos ex tincidunt. Qui iusto eirmod no duo labore soluta rebum ullamcorper tempor ipsum. Takimata rebum tempor sed. Facilisis erat aliquyam accumsan sanctus magna commodo sea eos eos kasd magna dolor.\nDolor vero at. Stet dignissim lorem vero eos et voluptua eirmod erat in at aliquyam duo. Dolor rebum erat sed in at magna feugiat cum eirmod laoreet ipsum. Labore eirmod nibh rebum justo sanctus et. Eirmod sanctus lorem elitr et ipsum et et. Duo nonumy sanctus zzril dolor sed dolor voluptua consequat voluptua gubergren sed amet amet nulla erat lorem iriure est. Dolore possim sanctus et et diam sed. Consetetur ex dolores odio magna ipsum dolor doming illum voluptua sea laoreet sit euismod. Sanctus ea dolore et gubergren ipsum nostrud iriure esse dolore gubergren assum dolor clita. Nostrud molestie vero vulputate sed et et duo dolore vero. Delenit lorem diam magna dolores elit minim et diam sadipscing volutpat et lorem sed dolor dolor voluptua wisi augue. Et ipsum accusam sadipscing feugait liber no ea takimata dolor ea sed invidunt gubergren. Aliquam feugiat feugiat feugait facilisis kasd sadipscing labore at et amet ipsum aliquyam te erat dolore nibh qui sadipscing. Aliquyam consetetur euismod amet sanctus no nulla ea dolore sit dolor. Consequat velit no minim et at dolore diam elitr et aliquyam sit no at hendrerit takimata amet aliquyam. Erat ut ipsum diam takimata amet eleifend lorem wisi sed dolore molestie sit iriure. Ipsum quod feugait erat facilisi. Vero est sit velit nonumy tempor.\n","publishDate":"2021-12-06T18:32:07.4607845+00:00"},{"id":9,"title":"Book 9","description":"Est cum commodo. In odio dolores elitr. Tincidunt aliquam et dolore diam in no takimata nam at et duo justo accusam eu justo dolore. Vel ea magna nonummy aliquyam et gubergren esse no veniam amet. Et accusam wisi nulla aliquam delenit aliquyam amet tation sed. Stet ipsum rebum lorem justo elitr lobortis aliquyam ut ut. Ea qui gubergren sit duo takimata et sea et diam lorem justo dolores accusam enim ipsum. Duo illum lorem ipsum stet kasd dolore enim duo tempor ad magna. Sit sadipscing dolores ea duis ipsum veniam voluptua consequat consequat duo kasd laoreet at ipsum consetetur tempor. Sea lorem exerci. Minim duis esse elit justo accusam vel ipsum duo. Gubergren sit dolore facilisi et ut stet iriure ut ut in eleifend et lorem illum enim sed. Iusto no eu ipsum aliquyam ipsum consetetur diam amet dolore dolor sit suscipit accusam et diam nonumy ipsum dolor. Sea sed et. Stet at tempor cum sadipscing commodo magna iriure aliquam. Et stet ullamcorper eirmod tempor elitr aliquam labore voluptua sanctus no. Diam ea elitr nonumy lobortis nonumy at nulla amet dolor dolores molestie dolor erat nonumy hendrerit exerci.\n","pageCount":900,"excerpt":"Est amet aliquyam vel voluptua nihil laoreet diam. Gubergren dolore takimata in nisl accusam labore ut dolor nostrud amet duo tempor ut autem. Diam kasd tempor ipsum erat sed invidunt augue delenit justo augue stet amet erat takimata nostrud. Dolores labore molestie aliquyam dolores augue accusam duis nibh tempor kasd consequat sanctus vel vel. Sed clita eos magna elit amet erat et kasd augue eirmod erat nonumy ea dolores lorem blandit sit. Et vel dolores et dolore. Erat lorem consetetur sea quis et magna lorem clita delenit aliquyam dolor. Stet ipsum takimata elitr iriure euismod. Gubergren justo eirmod exerci hendrerit sed erat praesent ullamcorper amet sea sanctus nonummy eos. Diam est iusto in exerci. Consequat feugiat magna dolore laoreet molestie justo rebum labore in lorem invidunt. Esse elitr et in ea duo vero lorem option. Et lorem stet amet ea accusam. Sed aliquyam minim kasd lorem accusam sed et nonumy sit sed sit ullamcorper ut clita justo est kasd eum. Consetetur aliquyam amet magna lorem gubergren esse eum ipsum tempor voluptua ea tempor sea. Dolore sed at velit ea est lorem sit rebum accumsan. Velit erat ut stet duo gubergren sit laoreet odio sadipscing dolores amet blandit. Tempor placerat illum stet nulla nisl labore erat et clita accusam eirmod lorem lorem kasd consetetur at amet tempor. Sed ipsum dolor stet lobortis takimata vel aliquip sit consetetur elitr diam magna.\nDiam aliquyam rebum vero ea amet clita no accusam et no eirmod zzril quis eu veniam eirmod dolore elitr. Sit amet ut sit. Tempor dolore dolor aliquyam erat eirmod sea accusam duis lorem vero diam dolor stet duo aliquyam esse. Labore et sea aliquam vel tempor consetetur vero wisi accusam est tempor justo labore duis est ut tempor. Vero labore clita labore iusto dolor euismod kasd ullamcorper feugiat. Eleifend in consetetur duis stet takimata kasd iriure voluptua feugait nam ipsum. Aliquam sit et soluta takimata diam. Takimata clita adipiscing nonumy tempor amet diam ut ut liber nisl.\nClita consectetuer dolore voluptua ut duo accusam labore et et eos sea duo exerci voluptua est stet praesent est. Eros zzril est nulla sed ad dolore erat dolor sea ipsum vero augue lorem. Et iriure justo iriure sit et dolore kasd dolore dolores ea id luptatum vero kasd eirmod sed imperdiet. Amet molestie duis. Elitr consetetur magna. Sed volutpat esse et sanctus nibh takimata velit vel lorem stet aliquyam elitr vel invidunt erat. Vero esse ut justo magna kasd vel ea accusam consetetur odio justo soluta lorem amet duis eirmod takimata. Eos diam dolor accusam eirmod vulputate nonumy sit eirmod lobortis molestie takimata. At magna et duo sit stet. Qui ullamcorper diam molestie et lorem duo vero sanctus erat sanctus tempor ipsum rebum sed sed ipsum in labore. Molestie nibh nibh vero consetetur dolor sed accumsan dolores et dignissim imperdiet et sit justo vero sed dolore. Aliquyam takimata sed. Rebum feugiat volutpat kasd sit nulla sit et ullamcorper dolore sadipscing magna eirmod luptatum erat amet et ipsum. Dolor consequat at lorem esse diam no at est nonumy ipsum veniam dolore nisl.\nAt dolore sed ipsum hendrerit at et clita volutpat dolor et et diam. Amet accusam sit sea et at takimata kasd elitr lorem ea ut elit vel et sed. Est tincidunt takimata at gubergren stet erat consetetur nonumy euismod eleifend et no diam. Et diam facilisis tempor in invidunt ad elitr sea nulla nulla et quod labore hendrerit. Sed consetetur volutpat nihil justo vero erat autem zzril sadipscing adipiscing.\nVoluptua est vero sed stet at. Et sit voluptua justo velit ipsum diam ipsum facilisis takimata. Delenit ex zzril sit dolore consetetur. Iriure eirmod amet justo dolore eirmod et et est accumsan amet cum sadipscing lorem commodo duo sit nihil. No lorem at et erat eu option nisl rebum vero. Clita feugiat esse et amet diam facer in gubergren cum diam eu consetetur stet vero sit consetetur. Clita takimata stet eirmod facilisis. Eirmod justo takimata clita amet hendrerit euismod duo invidunt commodo vero accusam sanctus. Sed sadipscing lorem ea est erat sed amet erat at elitr et accumsan aliquyam eleifend labore dolor elit ipsum. Lobortis dolor dolor tempor est elitr volutpat eos eirmod sit diam tempor eos ipsum ea exerci tempor. Lorem velit wisi et nihil. Sed accusam sit molestie dolor et rebum diam et sadipscing ullamcorper erat amet dolore. Nonumy possim blandit sanctus sed at invidunt lorem labore sadipscing et labore.\n","publishDate":"2021-12-05T18:32:07.4609223+00:00"},{"id":10,"title":"Book 10","description":"Stet duo lorem takimata labore dolores et ut zzril dolore stet nulla duo eos sadipscing et. Minim duo sea illum tempor et eirmod eros consequat lorem dolor rebum illum accusam no eleifend takimata diam. Ea magna nonumy et dolores lorem volutpat dolores sanctus dolore nulla. Vero tation stet ullamcorper sadipscing takimata. Accusam eum euismod diam sanctus sed erat. Eos iriure clita takimata aliquam. Volutpat ea erat. Accusam veniam velit. Consetetur eos gubergren quod ipsum et nonumy hendrerit ipsum ipsum vero lorem stet. Delenit invidunt eirmod elitr lorem clita at tempor. Est accusam aliquam assum hendrerit exerci duo lorem ad gubergren amet aliquyam feugiat tempor facilisis sed elitr. Consetetur ex vel dolor et amet takimata sit dolores nam voluptua clita dolores. Magna dolore dolor stet nulla et voluptua justo justo voluptua vulputate invidunt consetetur sit quis. Elitr quis takimata accusam elit magna sanctus accumsan sed sit erat ipsum sea nonumy tincidunt exerci ut eros.\n","pageCount":1000,"excerpt":"Amet invidunt et ad sea iriure tempor diam est dolore labore commodo no enim est amet erat sit. Ipsum justo nisl gubergren dolor doming sit commodo sadipscing gubergren sadipscing eros. Ipsum dolor no eirmod. Rebum wisi justo et erat est ut. Eos diam ad amet molestie amet diam sea. Sit labore quis eu eu ipsum et eos rebum aliquyam tincidunt. Iusto odio sed sit elitr. Amet et consequat vero molestie accumsan nulla kasd voluptua illum dolore dolore sadipscing. Et sed sea vero eros diam justo elitr ea dolore nulla. Nonummy labore dolores sed dolore dolore takimata sit nulla et gubergren aliquyam. Eleifend molestie illum et eos. Sit sanctus eirmod sea minim sit justo ut nulla.\nConsequat et delenit tempor consequat et vero at blandit at no dolore eirmod no est. Et molestie et ut aliquyam dolore diam et sadipscing diam in vero sit dolor hendrerit sanctus sit ea ea. Rebum duis velit eos labore aliquyam enim aliquip dolores ut sit elitr elitr et diam sanctus te lorem. Tempor cum eu. Labore gubergren vero elitr justo sit et diam diam te illum luptatum vero eirmod soluta labore dolores autem. At facilisis eos commodo augue sed eirmod erat diam sea invidunt. Accusam sea vel dolor stet sanctus illum suscipit eirmod gubergren ipsum duo dolor esse ea dolor lobortis. Invidunt sadipscing kasd dolores sea et adipiscing no dolores at. Duis elitr quis assum dolore et stet lorem duo diam. Lorem sadipscing at voluptua accusam ut euismod sadipscing nulla elit invidunt et dolor sit est sadipscing diam. Lorem ut consequat veniam aliquam.\nDolor kasd no et dolore consetetur stet diam at. Amet dolor invidunt vero sadipscing dolor sed et justo nisl at doming dolore diam sadipscing no eleifend sea voluptua. Sed labore sed labore eirmod sit in eirmod sadipscing nonumy. Eos sea invidunt amet qui. Nibh duo clita.\nExerci rebum accusam dolor sit amet eros amet in nibh duis ipsum kasd eirmod. Voluptua invidunt est et sed erat erat veniam et vero invidunt vulputate erat erat at ut. Molestie et tempor elitr duo dolores eum aliquam accusam magna ut diam sea vero voluptua no nulla autem.\nDolor iusto mazim amet sed autem erat. Lorem no at amet odio stet eleifend vulputate sit nisl clita justo et dolor in clita tincidunt. Dolore duo sed eirmod sit amet liber vero aliquyam dolores elitr diam vero voluptua gubergren molestie nihil dolore diam. Zzril vel et facilisis elit gubergren lorem tempor. Gubergren sit sed dolor nostrud justo et consequat invidunt eros. Nobis gubergren vero lorem erat vero nisl diam amet feugait. Et ipsum amet vero duo praesent molestie. Nobis ut adipiscing placerat amet. Clita amet sadipscing nonumy ea clita et ea et stet ex. Tation erat lorem erat at velit elitr ut stet tempor dolores consequat. Lorem lorem tempor duis diam rebum dolore. Ut wisi amet invidunt vero hendrerit eos ea erat no labore sed lorem elit. Et duo diam et magna est luptatum feugiat sed diam sadipscing sed dolor.\n","publishDate":"2021-12-04T18:32:07.4610181+00:00"},{"id":11,"title":"Book 11","description":"Duis et eros dolore. Dolore amet nulla dolore tation et consectetuer ut vulputate cum eos elitr nibh aliquyam consetetur dolores voluptua lorem. Sit dolore amet placerat lorem vero dolor justo sed dignissim. Sadipscing in elitr ipsum sanctus vero rebum ut gubergren nostrud et facilisi et lorem eirmod accusam et. Amet lorem sit et iusto ea justo lorem amet dolore iusto iusto qui no. Et dolor takimata accusam invidunt vero. Feugiat ipsum amet lorem sadipscing luptatum sit congue nonumy eos laoreet aliquyam. Lorem dolore voluptua diam gubergren at sit ea justo erat consetetur sed stet nostrud magna labore feugait diam tempor. Est dolores facilisis adipiscing est et ipsum. Aliquyam sadipscing gubergren sed vel amet at doming no magna consetetur. Elitr erat hendrerit consetetur stet sed enim rebum lorem aliquyam in duo hendrerit est lorem.\n","pageCount":1100,"excerpt":"Diam ea amet consequat blandit ea et. Erat elitr accusam autem. Diam voluptua sit diam amet est. Elit nulla sed accusam iusto ut feugait magna vero dolore eos at sadipscing odio labore et eos voluptua hendrerit. Rebum lorem dolore magna erat dolore no sit amet hendrerit placerat gubergren sea et dolor. Et amet luptatum ipsum ex ut dolore ipsum takimata eirmod justo et feugait facilisis molestie ea in velit feugiat. Sed vel at feugiat et illum est odio dolore justo labore dolore dolor nulla sed nonumy. Congue amet sit et magna rebum laoreet. Autem nihil amet kasd consetetur et voluptua eirmod justo consetetur consetetur rebum eos elitr invidunt clita. Stet amet dolor. Ut dolore et sed qui duo voluptua diam clita ea justo rebum eleifend ut. Nonumy justo eros erat et dignissim eos gubergren.\nLorem voluptua labore. Ipsum erat dolores. Et nonummy eos at esse accusam diam eirmod dolores. Sanctus sed cum labore dolore dolore nostrud sea aliquyam aliquip. Consetetur est nam voluptua lobortis ipsum elitr ipsum nulla in clita nonumy in assum stet stet ut. Augue nonumy rebum takimata consetetur sit ea. Sea diam clita lobortis iusto ut. Dolores ut et sanctus ut ut ea ut amet dolor sadipscing vulputate takimata gubergren. Sea sed dolor amet et lorem diam est vulputate ut. Et duis dolor lorem et amet hendrerit vero sanctus. Accusam takimata et duo in sanctus. Et odio sit. Dolor takimata amet gubergren dolores amet. Sadipscing placerat vel nonumy amet aliquyam et amet sanctus lorem dolore accusam voluptua invidunt velit invidunt. Sit et sed. Amet kasd duo sed tempor accusam ut amet dolore dolore et sed ea ipsum adipiscing feugiat diam diam sed.\nDolor ea lorem nulla invidunt commodo veniam eirmod in volutpat stet nobis ut magna nonumy dolores. Id sit gubergren sanctus kasd aliquyam veniam te eirmod takimata consetetur lorem ea takimata. Sit rebum magna dolore tempor consetetur et. Kasd vero sed et dolor aliquyam justo est qui at et erat consectetuer magna congue dolore. Blandit at dolor. Ipsum tempor te aliquyam diam takimata duis lorem dolore sanctus nisl clita sanctus at clita lorem stet invidunt sanctus. Lorem nonumy vero kasd qui in esse eu eirmod lorem laoreet sanctus et minim no dolores. Et nulla et erat iriure dolore. Vulputate sit diam elitr ipsum nonumy elitr accusam veniam sadipscing clita accusam vero dolor no duo. Molestie possim et vulputate rebum accusam amet veniam et invidunt accusam magna assum tempor vero qui eirmod eirmod labore. Ipsum amet et illum ea diam eirmod ipsum et. Illum amet dolores luptatum duo at lorem voluptua duis magna rebum quis dolores dolores sit. Autem elitr sea elitr illum eirmod sit option accusam sit nonumy dolor amet vero nonumy sit ipsum dolores ut. Dolor diam ipsum doming kasd ut. Dolor suscipit eirmod eum gubergren sit et erat elitr sed diam. No sea sit elitr sed stet nonummy ut dolor sit consetetur suscipit commodo et tincidunt accusam hendrerit duo ullamcorper. Duo aliquip et dolore assum lorem sea adipiscing stet dolores facilisi.\nGubergren dolore labore lorem ea molestie dolor aliquip ut justo justo nonumy. Vero accusam diam autem no. Veniam dolore sea ipsum erat lorem consetetur nonummy consetetur stet et eros dolor lorem dolore. Dolores iriure et feugait magna ut diam iriure sed dolore et te justo. Accusam dolor facilisis consequat aliquyam diam sea sed quod veniam ullamcorper. Diam sed et elitr nonummy dolor nostrud delenit lorem duo justo iusto rebum sadipscing nulla sadipscing tincidunt dolor. Justo consetetur sit sit diam elitr sit.\nMazim est aliquip. Liber justo rebum ipsum eros rebum diam dolor dolore elitr clita amet. Dolore quis et sea dolor lorem velit eu nonumy eros amet. Amet dolor takimata ipsum wisi exerci zzril duo nibh eos dolor vel. Diam voluptua dolore stet sadipscing duis laoreet sea magna assum. Ea accusam invidunt lobortis labore justo dolor labore at sanctus sed diam. Blandit nisl tempor amet iusto eos et tempor. Nisl kasd esse dolore iusto commodo in takimata et tempor eos. Nisl facilisi eirmod aliquyam kasd dolor exerci invidunt takimata elitr iriure dignissim invidunt ut ut. Tempor sit sadipscing sit voluptua et et rebum consectetuer ea no magna. Labore at voluptua magna enim dolore dolore vulputate sed. Eu diam magna duis duis facilisis eirmod nonumy elitr. Nonumy ea sadipscing magna nulla consetetur dolore lorem. Nulla sit ipsum justo diam hendrerit eos sanctus diam sit erat erat sanctus sea lorem diam sadipscing dolor. Gubergren illum dolore eirmod sed ea amet sanctus kasd. Sit lobortis vero zzril tempor elitr diam nulla enim at lorem amet eos ut eum esse elitr eum eros. Invidunt luptatum consetetur dolore consectetuer et sed eos ea nihil elitr duis consetetur enim.\n","publishDate":"2021-12-03T18:32:07.4611538+00:00"},{"id":12,"title":"Book 12","description":"Consequat dolor amet nulla. Ipsum dolor autem ex. Ut option amet elitr dolore et stet sit labore tempor no facer diam erat amet. Nobis aliquyam clita dignissim ea kasd et diam vero vero invidunt labore lorem et praesent nonumy dolor ea kasd. Et lorem exerci id exerci invidunt justo at et enim et aliquyam erat labore vero sanctus te nulla. Sadipscing eos elitr praesent. Stet sit ut accusam sed vero aliquam ut lorem duo sed. Stet ut eos dolor gubergren gubergren voluptua. Dolor gubergren dolores et vero kasd. Erat enim amet consetetur elit tincidunt quis gubergren. Sed gubergren amet clita lorem diam. Sea takimata lorem congue ea molestie sea vulputate et labore elitr sed erat lorem. Sed eirmod rebum feugiat sit no et.\n","pageCount":1200,"excerpt":"Diam accusam dignissim clita vulputate vulputate magna sadipscing minim delenit elitr gubergren diam vero vulputate. In ut consetetur diam eos aliquam accusam sea. Labore stet sed et dolore sea tation. Stet eirmod ut elitr justo vero sed consequat vulputate rebum wisi sit veniam id eos. Labore iriure tation nonumy iusto eum. Eos vero gubergren facilisis ea lorem vel duis kasd in dolore duo sit nibh sit sadipscing. Diam dolor consetetur nulla vero stet rebum ipsum takimata sed justo sit labore sanctus sit aliquyam dolore. Sed eirmod nonumy lorem amet consequat ea accusam eirmod ex eos invidunt et. Takimata voluptua sed duis lorem vero. Dolor erat no kasd eu elitr vel clita. Nulla est consequat amet sit accumsan. Lorem sed te sed praesent ipsum dignissim feugiat lorem elitr eos dolor sed wisi lorem labore. Magna diam sea vero gubergren eirmod et est et dolores amet et ut. Eirmod et lobortis diam in. Et nonumy est hendrerit justo sanctus. Et dolore sit elitr sit lorem gubergren dolor hendrerit erat eos takimata clita voluptua magna.\nLabore at eos vero. Hendrerit duo justo erat lobortis. Dolor lorem rebum et vulputate hendrerit rebum lorem in tempor. Dolore erat at sanctus feugait euismod ut duo sanctus eos odio amet takimata ipsum accusam accusam at diam. Dolores clita accumsan in dolore et tempor lorem vero at eleifend eum ipsum amet nam sadipscing eos ipsum in. Amet ipsum no eirmod ipsum sadipscing et et dolore. Nulla magna dolore eirmod takimata diam enim invidunt. Sanctus clita takimata consequat dolore aliquyam ut nonumy et est elitr clita. Aliquip lorem no sit sea feugiat. Feugait eos sadipscing magna justo consectetuer justo sed labore magna erat no elitr sea illum eu. Et ipsum sit dolore sed et dolores nisl dolor ullamcorper sit ut suscipit facilisis est gubergren euismod ipsum. Et sed sit et assum illum consectetuer ex odio gubergren justo stet facilisi. Dolores sadipscing vero kasd labore velit stet feugiat quis takimata est sanctus lorem et voluptua tincidunt augue dolores commodo. Clita facilisis dolore invidunt sit amet elitr. Dolor veniam et vero ut consectetuer sit te et vel labore diam dolor vulputate amet.\nEirmod dignissim stet stet sit sit facilisi stet. Kasd lorem labore eum takimata amet. Magna sed eos enim diam dolore et ipsum. Dolor sed et eirmod vero dolor sadipscing hendrerit dolore doming exerci kasd ipsum sed. Eu dolor et ea vulputate tincidunt takimata. Eu et sit clita aliquyam invidunt tation takimata justo vero tempor consequat placerat justo adipiscing eirmod dolor sed aliquyam. Et magna amet suscipit et placerat no et sed stet dolore duo sanctus amet lorem. Sed ipsum ipsum stet labore nihil te duis sadipscing sit eirmod accumsan facilisis et voluptua accumsan iriure. Gubergren invidunt nonumy autem. Diam iusto eirmod et eum elitr assum justo ea amet nostrud esse elitr facilisis sadipscing ipsum. Feugiat ipsum et dolor justo ut nonumy invidunt nibh dolor magna vel commodo tation enim. Takimata ut velit kasd sit elitr praesent dolor no est nonummy ut eum ad. Amet et aliquyam elitr nonumy duo labore dolor lorem lorem et eros voluptua sanctus sea magna sadipscing ut. Ipsum stet elitr lorem takimata esse ipsum ea nonummy accusam sed nonummy et dolores invidunt ea dolor amet. Duo amet kasd duo placerat amet iriure consectetuer commodo dolore. Ipsum elitr ipsum sea vero nonumy tempor sea vero lorem magna amet erat. Gubergren et sit.\nGubergren dolor dolore et vulputate sit lorem iusto elitr vel ut consetetur. Aliquyam et dolore consetetur takimata stet accusam amet ut takimata sanctus. Clita nulla ut eirmod. Ea in blandit. Euismod magna dolores adipiscing nulla placerat sadipscing lorem rebum ea at accumsan. Justo sanctus dolor sed aliquyam placerat voluptua amet ipsum invidunt invidunt et eirmod ea dolore. Sed dolor luptatum ut minim ad dolore sanctus ex lorem facilisi. Diam stet et dolore rebum. Facilisis et elitr. Consetetur ex sed sadipscing sed autem elitr ipsum stet duis nulla. Rebum et et no eos dolor aliquyam feugiat consetetur labore voluptua et sea eros lorem te vulputate.\nSea dolor accusam te eirmod stet est magna et sit ea aliquip et facer et invidunt dolor. Exerci accusam labore eu lorem dolor dolore dolore odio stet ex vulputate erat. Takimata volutpat odio erat erat. Sadipscing aliquyam tempor lorem lorem stet invidunt tempor vel no. Sanctus consetetur lorem clita sanctus ipsum ipsum imperdiet. Exerci consequat amet. Feugiat voluptua sea diam at vel zzril eu sed consetetur gubergren ad. Ut ea dolor et enim et laoreet dolores duo invidunt elit vel. Diam ut nulla nonumy qui justo sed dolores ipsum facilisi doming et sit invidunt diam te voluptua est. Invidunt consectetuer no clita gubergren no delenit voluptua tempor augue soluta hendrerit dolor vero. Eirmod nulla sed lorem velit magna nostrud nonumy facilisis. Takimata in sadipscing diam vel sed elitr hendrerit accusam euismod consequat labore et sadipscing sanctus. Voluptua volutpat tation sed tempor nonumy elitr no dolor magna vel diam sea laoreet. In duo lobortis duo sed erat sea sit nisl no eum elitr. Clita diam aliquyam dolores accusam ullamcorper ea sanctus ut kasd ea. Ipsum sea et dolores stet. Et voluptua vero at facilisis. Vel delenit diam sadipscing et nonummy labore ea diam feugait consetetur.\n","publishDate":"2021-12-02T18:32:07.4613078+00:00"},{"id":13,"title":"Book 13","description":"Iriure nonumy lorem labore eirmod takimata labore dolores dolor sanctus sed. Diam at iriure ipsum amet praesent hendrerit sit dolor at consetetur sadipscing diam clita sadipscing accusam lorem nulla voluptua. Feugait placerat magna nonumy ea amet enim aliquyam velit tempor dolor vero nonumy feugait dolor. Mazim dolores magna sit voluptua. Et gubergren et. Amet et et labore et in et nonumy doming dolores sit ut invidunt dolor volutpat euismod sadipscing nulla erat. Minim in iriure nulla magna elitr ea amet dolores te iriure lobortis blandit ipsum aliquyam amet. Te sadipscing elitr lorem vel erat dolore gubergren at ut gubergren diam diam nonummy amet. Dolore accusam hendrerit lorem nisl no diam labore vel justo te qui diam hendrerit. Diam vero no amet est quis dolor lobortis aliquyam sadipscing sea. Lorem takimata consetetur sit dolor praesent accusam minim tempor sea ipsum sed ipsum sed amet duis justo praesent accusam. At ea clita volutpat at elitr feugait aliquip lorem aliquyam elitr accusam vero gubergren velit dolore ea.\n","pageCount":1300,"excerpt":"Possim vel hendrerit diam stet. Dolore tempor et feugiat zzril lorem magna rebum no ea invidunt dolore rebum ea diam stet sanctus. Lorem dolor invidunt et esse sed dolor sit sed eos sea stet aliquip sed. Et ipsum ut diam ipsum clita diam amet dolor dolores eirmod erat sanctus voluptua in odio. Facilisi sanctus et nisl voluptua ad lorem eum clita duo. Accumsan sed sanctus vulputate sea vero magna sea te feugiat eos commodo tempor lorem lorem nonumy nonummy. Liber eleifend diam invidunt sadipscing lorem ea rebum. Est diam soluta dolores sed praesent ut tempor duo sadipscing ut. Justo sed et tempor odio ipsum dolor kasd tempor at et stet iusto sed. Ea dolore laoreet feugait sea amet justo feugiat facilisis ut et est at accusam lorem. Consectetuer vel clita justo duo erat ut sea nostrud luptatum vulputate eirmod tation ex. Sed gubergren eirmod dolore diam aliquyam et.\nDolor et enim sit. Esse sit sea duis eos stet magna amet. Diam magna dolor amet euismod eirmod eleifend sea veniam voluptua dolor eos sed in dolor accusam volutpat. Voluptua laoreet et elitr accusam sit ea et. Sadipscing adipiscing elitr takimata dolore tempor justo sanctus sed nulla accumsan elitr labore dolor kasd. Stet diam et feugait kasd tempor diam sit at elitr eirmod. Praesent tincidunt esse duo dolor ipsum dolore takimata et minim consetetur duis molestie eum dolores. At sanctus aliquyam commodo consetetur aliquam dignissim ullamcorper in liber dolor. Voluptua commodo eros diam takimata dolore sit ut magna diam. Ipsum sanctus lorem lorem labore invidunt est laoreet at dolore et accusam elitr no sit amet suscipit sed diam. Gubergren autem est rebum gubergren lobortis magna facer voluptua magna voluptua. Sadipscing sed dolor sea duo sed et eos. Takimata liber lorem consectetuer elitr hendrerit assum. Labore amet et erat consetetur invidunt et ut duo tempor adipiscing duo eum sed takimata est sed. Nam ipsum ullamcorper velit eos lorem labore est nonumy ipsum duo sea amet. Iriure dolore iusto takimata ea takimata et ea assum assum duo tation hendrerit diam consetetur ut. Vulputate et suscipit tempor justo tincidunt diam iriure ea dolore dolores est takimata dolor rebum. Dolor est ut.\nQuis dolor sed elitr nonumy sed sit et at lorem laoreet rebum te sit vel ut. Ipsum dolore et no laoreet gubergren sed elitr dolor gubergren at at dolore clita. Duis diam sed lorem illum amet rebum est consectetuer nonummy te. Consequat erat gubergren dolores. Sed magna et. Stet ea wisi sit nonummy amet nonumy sed justo amet sanctus justo ut dignissim eros nonumy eos. Eirmod at ut sadipscing ut vulputate dolor nonumy vero sadipscing delenit. Aliquam justo sed erat nulla lorem clita dolore volutpat labore takimata. Dolores sanctus in magna ipsum et erat amet sit amet aliquyam quod dolor et et volutpat duo vero. Et vero placerat vero. Doming blandit et dolore magna dolore autem dolor duo nulla facilisi et erat. Ad doming et invidunt at. Dolore et elitr dolor et ipsum hendrerit vulputate ex volutpat consequat invidunt nonumy diam nostrud no dolore. Sea stet dolores dolor magna option magna. Duo tempor et no illum in eu diam. Stet minim tempor justo no accusam voluptua nonummy ipsum. Ea velit diam quis diam stet qui gubergren clita sit lobortis lorem gubergren takimata clita elitr. Voluptua facilisi ea et sed vero et amet dolor enim et.\nEleifend diam magna lorem lorem sanctus justo kasd. Diam velit stet. Esse lorem accusam vulputate odio clita ipsum labore augue. Rebum molestie diam dolore amet velit ut justo aliquyam aliquip tempor et lorem autem diam. Dolores dolor magna no aliquip duo volutpat no sanctus luptatum ut eu dolores at magna. At amet sea hendrerit sea magna amet. Zzril quis erat et diam dolor commodo clita aliquyam lorem justo nonumy et amet.\nIriure est duo dignissim et aliquip et dolor lorem. Eos lorem invidunt dolor dolor option ut sed nonummy ipsum diam diam nonumy amet eros dolor aliquyam sed. Sit magna duo consetetur voluptua magna rebum at nisl consetetur in sea. Vero et in diam sed. Rebum sed duis dolore dolores accusam dolore voluptua dolor ea consetetur eleifend justo. Ea te accusam. Tempor magna diam vero ea takimata est elitr amet invidunt eu minim rebum sadipscing takimata amet dolore lorem dolores. Et diam dolore duo tempor elitr lorem magna ipsum eirmod aliquyam dolor praesent doming veniam. Sed erat et accusam feugiat at lorem consetetur. Ipsum labore delenit nihil dolor elitr duo feugait duis. Blandit soluta eirmod at luptatum vulputate vel euismod takimata eos elitr tempor sed dolor dolor nonummy eu. Sea consetetur kasd vel nonumy nibh labore lorem sit est amet sed. Ipsum eros tempor sea stet et ipsum no rebum magna diam invidunt clita amet. Gubergren lorem facilisis. Nonumy vero labore nulla et molestie sadipscing laoreet diam et. Iusto duo elitr. Takimata duis takimata rebum voluptua vel et dolor eos at no augue.\n","publishDa
[...]
 path_url=/api/v1/Books/15 
 headers={'User-Agent': 'python-requests/2.26.0', 'Accept-Encoding': 'gzip, deflate', 'Accept': '*/*', 'Connection': 'keep-alive'} 
 body=None 
 </msg>
<msg timestamp="20211214 15:32:03.718" level="INFO">GET Response : url=https://fakerestapi.azurewebsites.net/api/v1/Books/15 
 status=200, reason=OK 
 headers={'Transfer-Encoding': 'chunked', 'Content-Type': 'application/json; charset=utf-8; v=1.0', 'Server': 'Kestrel', 'api-supported-versions': '1.0', 'Date': 'Tue, 14 Dec 2021 18:32:09 GMT'} 
 body={"id":15,"title":"Book 15","description":"Labore dolore at aliquyam stet sed dolores elitr magna sanctus. Est sea minim vel stet tempor duis rebum tincidunt et accusam erat consetetur sit. Justo autem labore sanctus consetetur autem lorem voluptua eros dolor est diam dolores elit ut vero dolore. Luptatum sea erat invidunt voluptua ipsum. Minim autem in amet velit elitr magna exerci accusam kasd invidunt est gubergren. Et stet sadipscing sed diam justo euismod. Erat dolor aliquam at voluptua hendrerit et voluptua doming tincidunt et kasd justo eu mazim sed dolor sed. Sadipscing et amet elit nobis ut. Lorem vulputate dolores tempor lorem molestie dolor sadipscing clita accumsan ut vero invidunt nonumy eirmod ipsum et ipsum. Dolor vel dolore blandit. Consequat erat vero erat dolor lorem eos duo et lorem euismod. Ut accusam in consectetuer sed erat. Praesent sed et exerci. Dolor sit rebum lorem sanctus accusam sea vero qui sea. Wisi sed tation nulla labore rebum sit sed et labore magna. Eu accusam justo. Nibh stet sed tempor.\n","pageCount":1500,"excerpt":"Velit exerci liber dolore dolore. Justo sadipscing consetetur aliquyam gubergren voluptua kasd eos et duo. Amet gubergren dolore eros doming lorem lorem justo sit ipsum. At et duo consequat amet dolores voluptua at ut no diam tempor dolore dolore sit dolore. Erat et et sed est eros illum et ullamcorper. Ex ipsum gubergren enim nulla accusam invidunt ea vero euismod sed ut dolores amet option sit. Et gubergren diam vero ipsum diam aliquyam dolor eos eos labore. Dolor et lorem ipsum sit est voluptua sanctus ipsum stet duis sit invidunt. Iusto dolore sed duis eirmod et nonumy molestie commodo stet tempor augue. Et eum nulla clita sea in dolore ut amet sanctus amet sit labore zzril illum diam. Takimata sit qui sea diam consetetur diam dolor. Consetetur clita nonumy nonumy et gubergren adipiscing et et. Magna ipsum diam ea eirmod accumsan.\nCommodo diam nostrud amet erat gubergren dolore labore diam sanctus diam labore nisl velit. Lorem et vel illum dolor sadipscing eirmod vulputate sed sit sed dolore sadipscing dolor dolor amet magna at. Gubergren et delenit ut. Sea est ex accusam sea diam duis amet diam cum et tempor ut eos. Elitr lorem nonumy ut sit eos takimata aliquyam kasd lorem et erat vel. Sea aliquyam sed dolores sadipscing diam ut dolores ipsum rebum. Dolor rebum justo sit dolore dolor. Ipsum takimata lorem duis ea ea sanctus amet mazim ipsum lobortis sed clita dolore elit accusam amet justo. Elitr dolore diam amet consetetur sadipscing euismod eros ipsum euismod ad dolor dolores accusam est kasd. Voluptua sit at magna facer.\nTempor ea facer diam erat facilisis. Nonumy justo nulla erat aliquyam dolor duis aliquip kasd dignissim aliquyam amet nihil. Odio takimata option sed at labore no et vel elitr eos stet ut eos. No nisl sit iriure eos lorem est amet esse duis dolores dolor autem. Erat et kasd nisl tempor voluptua sadipscing soluta vel. Eos vel ut amet gubergren diam labore laoreet ut et lobortis ipsum. Vulputate kasd assum dolor sit clita. Sed et clita.\nIn magna labore duis elitr magna rebum delenit dolore. Facilisis justo at amet stet at ea labore clita enim sed aliquam ea consetetur. Dolor ipsum ea sanctus hendrerit sea sed aliquyam tempor magna ipsum sit. Odio eos kasd aliquyam est sed magna. Duo luptatum erat voluptua dolor tempor gubergren diam est illum lorem erat magna tempor invidunt duo. Erat et lorem sadipscing no ipsum ipsum duis amet. Magna ipsum et ipsum stet consequat hendrerit luptatum magna dolor takimata duo. Esse sit nonumy clita ipsum sea ea ex enim ea clita diam consectetuer justo voluptua lorem diam. Est eleifend sanctus eirmod sit ea consetetur in lorem eirmod aliquyam tempor. Magna sadipscing ipsum vulputate sit nisl ut accusam sed gubergren kasd sadipscing elitr est et. Elitr ea diam erat dolor vel. Eirmod takimata erat wisi et lorem ut gubergren eirmod diam. Takimata blandit sea clita sea consetetur dignissim quis duis aliquyam diam laoreet et labore invidunt. Diam ut invidunt te dolore id et diam elitr ut dolore eum esse. Invidunt quod vero takimata clita clita autem stet. Aliquyam et in ipsum mazim vel esse aliquyam et duo clita tempor et duo lorem elit nonumy zzril nulla. Diam dolor commodo velit et aliquip et tempor ea imperdiet no diam option dolore et sit sit ipsum.\nSuscipit autem lorem labore amet sit nobis sanctus lorem eos sanctus adipiscing sadipscing takimata dolor dignissim. Et sed rebum stet diam ea ut sed accusam. Ea dolor nulla ea elitr nonumy option aliquyam nonumy autem. Dolor vel et sit laoreet magna labore dolor eum lorem gubergren. Aliquyam sed et diam et ut diam labore. Consetetur minim dolores adipiscing tempor ut. Te erat rebum eum et delenit dolore consequat justo sed takimata erat amet. Et te consetetur. Eu est dignissim diam gubergren erat enim tempor nonumy nulla. Amet luptatum sed tempor ea vero te diam justo. Labore et magna voluptua ipsum amet et tempor ut nonumy sea nobis elitr sed est dolor magna praesent. Ea molestie commodo. Dolores praesent lorem sed clita zzril delenit aliquyam aliquyam nonummy. Molestie no amet ipsum amet ut erat ea lorem amet stet elitr feugiat elit. Tempor laoreet et no erat odio sea sadipscing ea dolor est illum vero amet ex ea. Sit tempor et est sea dolore.\n","publishDate":"2021-11-29T18:32:09.2936001+00:00"} 
 </msg>
<msg timestamp="20211214 15:32:03.718" level="INFO">C:\Python310\lib\site-packages\urllib3\connectionpool.py:1013: InsecureRequestWarning: Unverified HTTPS request is being made to host 'fakerestapi.azurewebsites.net'. Adding certificate verification is strongly advised. See: https://urllib3.readthedocs.io/en/1.26.x/advanced-usage.html#ssl-warnings
  warnings.warn(</msg>
<msg timestamp="20211214 15:32:03.719" level="INFO">${RESPOSTA} = &lt;Response [200]&gt;</msg>
<status status="PASS" starttime="20211214 15:32:03.449" endtime="20211214 15:32:03.719"/>
</kw>
<kw name="Log" library="BuiltIn">
<arg>${RESPOSTA.text}</arg>
<doc>Logs the given message with the given level.</doc>
<msg timestamp="20211214 15:32:03.720" level="INFO">{"id":15,"title":"Book 15","description":"Labore dolore at aliquyam stet sed dolores elitr magna sanctus. Est sea minim vel stet tempor duis rebum tincidunt et accusam erat consetetur sit. Justo autem labore sanctus consetetur autem lorem voluptua eros dolor est diam dolores elit ut vero dolore. Luptatum sea erat invidunt voluptua ipsum. Minim autem in amet velit elitr magna exerci accusam kasd invidunt est gubergren. Et stet sadipscing sed diam justo euismod. Erat dolor aliquam at voluptua hendrerit et voluptua doming tincidunt et kasd justo eu mazim sed dolor sed. Sadipscing et amet elit nobis ut. Lorem vulputate dolores tempor lorem molestie dolor sadipscing clita accumsan ut vero invidunt nonumy eirmod ipsum et ipsum. Dolor vel dolore blandit. Consequat erat vero erat dolor lorem eos duo et lorem euismod. Ut accusam in consectetuer sed erat. Praesent sed et exerci. Dolor sit rebum lorem sanctus accusam sea vero qui sea. Wisi sed tation nulla labore rebum sit sed et labore magna. Eu accusam justo. Nibh stet sed tempor.\n","pageCount":1500,"excerpt":"Velit exerci liber dolore dolore. Justo sadipscing consetetur aliquyam gubergren voluptua kasd eos et duo. Amet gubergren dolore eros doming lorem lorem justo sit ipsum. At et duo consequat amet dolores voluptua at ut no diam tempor dolore dolore sit dolore. Erat et et sed est eros illum et ullamcorper. Ex ipsum gubergren enim nulla accusam invidunt ea vero euismod sed ut dolores amet option sit. Et gubergren diam vero ipsum diam aliquyam dolor eos eos labore. Dolor et lorem ipsum sit est voluptua sanctus ipsum stet duis sit invidunt. Iusto dolore sed duis eirmod et nonumy molestie commodo stet tempor augue. Et eum nulla clita sea in dolore ut amet sanctus amet sit labore zzril illum diam. Takimata sit qui sea diam consetetur diam dolor. Consetetur clita nonumy nonumy et gubergren adipiscing et et. Magna ipsum diam ea eirmod accumsan.\nCommodo diam nostrud amet erat gubergren dolore labore diam sanctus diam labore nisl velit. Lorem et vel illum dolor sadipscing eirmod vulputate sed sit sed dolore sadipscing dolor dolor amet magna at. Gubergren et delenit ut. Sea est ex accusam sea diam duis amet diam cum et tempor ut eos. Elitr lorem nonumy ut sit eos takimata aliquyam kasd lorem et erat vel. Sea aliquyam sed dolores sadipscing diam ut dolores ipsum rebum. Dolor rebum justo sit dolore dolor. Ipsum takimata lorem duis ea ea sanctus amet mazim ipsum lobortis sed clita dolore elit accusam amet justo. Elitr dolore diam amet consetetur sadipscing euismod eros ipsum euismod ad dolor dolores accusam est kasd. Voluptua sit at magna facer.\nTempor ea facer diam erat facilisis. Nonumy justo nulla erat aliquyam dolor duis aliquip kasd dignissim aliquyam amet nihil. Odio takimata option sed at labore no et vel elitr eos stet ut eos. No nisl sit iriure eos lorem est amet esse duis dolores dolor autem. Erat et kasd nisl tempor voluptua sadipscing soluta vel. Eos vel ut amet gubergren diam labore laoreet ut et lobortis ipsum. Vulputate kasd assum dolor sit clita. Sed et clita.\nIn magna labore duis elitr magna rebum delenit dolore. Facilisis justo at amet stet at ea labore clita enim sed aliquam ea consetetur. Dolor ipsum ea sanctus hendrerit sea sed aliquyam tempor magna ipsum sit. Odio eos kasd aliquyam est sed magna. Duo luptatum erat voluptua dolor tempor gubergren diam est illum lorem erat magna tempor invidunt duo. Erat et lorem sadipscing no ipsum ipsum duis amet. Magna ipsum et ipsum stet consequat hendrerit luptatum magna dolor takimata duo. Esse sit nonumy clita ipsum sea ea ex enim ea clita diam consectetuer justo voluptua lorem diam. Est eleifend sanctus eirmod sit ea consetetur in lorem eirmod aliquyam tempor. Magna sadipscing ipsum vulputate sit nisl ut accusam sed gubergren kasd sadipscing elitr est et. Elitr ea diam erat dolor vel. Eirmod takimata erat wisi et lorem ut gubergren eirmod diam. Takimata blandit sea clita sea consetetur dignissim quis duis aliquyam diam laoreet et labore invidunt. Diam ut invidunt te dolore id et diam elitr ut dolore eum esse. Invidunt quod vero takimata clita clita autem stet. Aliquyam et in ipsum mazim vel esse aliquyam et duo clita tempor et duo lorem elit nonumy zzril nulla. Diam dolor commodo velit et aliquip et tempor ea imperdiet no diam option dolore et sit sit ipsum.\nSuscipit autem lorem labore amet sit nobis sanctus lorem eos sanctus adipiscing sadipscing takimata dolor dignissim. Et sed rebum stet diam ea ut sed accusam. Ea dolor nulla ea elitr nonumy option aliquyam nonumy autem. Dolor vel et sit laoreet magna labore dolor eum lorem gubergren. Aliquyam sed et diam et ut diam labore. Consetetur minim dolores adipiscing tempor ut. Te erat rebum eum et delenit dolore consequat justo sed takimata erat amet. Et te consetetur. Eu est dignissim diam gubergren erat enim tempor nonumy nulla. Amet luptatum sed tempor ea vero te diam justo. Labore et magna voluptua ipsum amet et tempor ut nonumy sea nobis elitr sed est dolor magna praesent. Ea molestie commodo. Dolores praesent lorem sed clita zzril delenit aliquyam aliquyam nonummy. Molestie no amet ipsum amet ut erat ea lorem amet stet elitr feugiat elit. Tempor laoreet et no erat odio sea sadipscing ea dolor est illum vero amet ex ea. Sit tempor et est sea dolore.\n","publishDate":"2021-11-29T18:32:09.2936001+00:00"}</msg>
<status status="PASS" starttime="20211214 15:32:03.719" endtime="20211214 15:32:03.720"/>
</kw>
<kw name="Set Test Variable" library="BuiltIn">
<arg>${RESPOSTA}</arg>
<doc>Makes a variable available everywhere within the scope of the current test.</doc>
<msg timestamp="20211214 15:32:03.721" level="INFO">${RESPOSTA} = &lt;Response [200]&gt;</msg>
<status status="PASS" starttime="20211214 15:32:03.720" endtime="20211214 15:32:03.721"/>
</kw>
<status status="PASS" starttime="20211214 15:32:03.449" endtime="20211214 15:32:03.721"/>
</kw>
<kw name="Quando tiver as informacoes corretas" library="resourceapi">
<kw name="Dictionary Should Contain Item" library="Collections">
<arg>${Resposta.json()}</arg>
<arg>id</arg>
<arg>${book_15.id}</arg>
<doc>An item of ``key`` / ``value`` must be found in a ``dictionary``.</doc>
<status status="PASS" starttime="20211214 15:32:03.722" endtime="20211214 15:32:03.723"/>
</kw>
<kw name="Dictionary Should Contain Item" library="Collections">
<arg>${Resposta.json()}</arg>
<arg>title</arg>
<arg>${book_15.title}</arg>
<doc>An item of ``key`` / ``value`` must be found in a ``dictionary``.</doc>
<status status="PASS" starttime="20211214 15:32:03.723" endtime="20211214 15:32:03.724"/>
</kw>
<kw name="Dictionary Should Contain Item" library="Collections">
<arg>${Resposta.json()}</arg>
<arg>pageCount</arg>
<arg>${book_15.pageCount}</arg>
<doc>An item of ``key`` / ``value`` must be found in a ``dictionary``.</doc>
<status status="PASS" starttime="20211214 15:32:03.724" endtime="20211214 15:32:03.725"/>
</kw>
<kw name="Should Not Be Empty" library="BuiltIn">
<arg>${Resposta.json()["description"]}</arg>
<doc>Verifies that the given item is not empty.</doc>
<msg timestamp="20211214 15:32:03.726" level="INFO">Length is 996</msg>
<status status="PASS" starttime="20211214 15:32:03.725" endtime="20211214 15:32:03.726"/>
</kw>
<kw name="Should Not Be Empty" library="BuiltIn">
<arg>${Resposta.json()["excerpt"]}</arg>
<doc>Verifies that the given item is not empty.</doc>
<msg timestamp="20211214 15:32:03.726" level="INFO">Length is 4224</msg>
<status status="PASS" starttime="20211214 15:32:03.726" endtime="20211214 15:32:03.726"/>
</kw>
<kw name="Should Not Be Empty" library="BuiltIn">
<arg>${Resposta.json()["publishDate"]}</arg>
<doc>Verifies that the given item is not empty.</doc>
<msg timestamp="20211214 15:32:03.727" level="INFO">Length is 33</msg>
<status status="PASS" starttime="20211214 15:32:03.726" endtime="20211214 15:32:03.727"/>
</kw>
<status status="PASS" starttime="20211214 15:32:03.721" endtime="20211214 15:32:03.727"/>
</kw>
<kw name="Entao o status code &quot;200&quot;" library="resourceapi" sourcename="Entao o status code &quot;${STATUSCODE_DESEJADO}&quot;">
<kw name="Should Be Equal As Strings" library="BuiltIn">
<arg>${RESPOSTA.status_code}</arg>
<arg>${STATUSCODE_DESEJADO}</arg>
<doc>Fails if objects are unequal after converting them to strings.</doc>
<msg timestamp="20211214 15:32:03.728" level="INFO">Argument types are:
&lt;class 'int'&gt;
&lt;type 'unicode'&gt;</msg>
<status status="PASS" starttime="20211214 15:32:03.728" endtime="20211214 15:32:03.728"/>
</kw>
<status status="PASS" starttime="20211214 15:32:03.727" endtime="20211214 15:32:03.729"/>
</kw>
<status status="PASS" starttime="20211214 15:32:03.448" endtime="20211214 15:32:03.729"/>
</test>
<test id="s1-t3" name="Cadastrar um novo livro(comando POST)">
<kw name="Quando criar um livro" library="resourceapi">
<kw name="Create Dictionary" library="BuiltIn">
<var>${HEADERS}</var>
<arg>content-type=application/json</arg>
<doc>Creates and returns a dictionary based on the given ``items``.</doc>
<msg timestamp="20211214 15:32:03.732" level="INFO">${HEADERS} = {'content-type': 'application/json'}</msg>
<status status="PASS" starttime="20211214 15:32:03.731" endtime="20211214 15:32:03.732"/>
</kw>
<kw name="POST On Session" library="RequestsLibrary">
<var>${Resposta}</var>
<arg>FakeAPI</arg>
<arg>Books</arg>
<arg>data={"id": 2323, "title": "teste", "description": "teste", "pageCount": 200, "excerpt": "teste", "publishDate": "2021-11-24T21:00:05.449Z"}</arg>
<arg>headers=${HEADERS}</arg>
<doc>Sends a POST request on a previously created HTTP Session.</doc>
<msg timestamp="20211214 15:32:03.954" level="INFO">POST Request : url=https://fakerestapi.azurewebsites.net/api/v1/Books 
 path_url=/api/v1/Books 
 headers={'User-Agent': 'python-requests/2.26.0', 'Accept-Encoding': 'gzip, deflate', 'Accept': '*/*', 'Connection': 'keep-alive', 'content-type': 'application/json', 'Content-Length': '135'} 
 body={"id": 2323, "title": "teste", "description": "teste", "pageCount": 200, "excerpt": "teste", "publishDate": "2021-11-24T21:00:05.449Z"} 
 </msg>
<msg timestamp="20211214 15:32:03.954" level="INFO">POST Response : url=https://fakerestapi.azurewebsites.net/api/v1/Books 
 status=200, reason=OK 
 headers={'Transfer-Encoding': 'chunked', 'Content-Type': 'application/json; charset=utf-8; v=1.0', 'Server': 'Kestrel', 'api-supported-versions': '1.0', 'Date': 'Tue, 14 Dec 2021 18:32:09 GMT'} 
 body={"id":2323,"title":"teste","description":"teste","pageCount":200,"excerpt":"teste","publishDate":"2021-11-24T21:00:05.449Z"} 
 </msg>
<msg timestamp="20211214 15:32:03.955" level="INFO">C:\Python310\lib\site-packages\urllib3\connectionpool.py:1013: InsecureRequestWarning: Unverified HTTPS request is being made to host 'fakerestapi.azurewebsites.net'. Adding certificate verification is strongly advised. See: https://urllib3.readthedocs.io/en/1.26.x/advanced-usage.html#ssl-warnings
  warnings.warn(</msg>
<msg timestamp="20211214 15:32:03.956" level="INFO">${Resposta} = &lt;Response [200]&gt;</msg>
<status status="PASS" starttime="20211214 15:32:03.733" endtime="20211214 15:32:03.956"/>
</kw>
<kw name="Log" library="BuiltIn">
<arg>${Resposta.text}</arg>
<doc>Logs the given message with the given level.</doc>
<msg timestamp="20211214 15:32:03.959" level="INFO">{"id":2323,"title":"teste","description":"teste","pageCount":200,"excerpt":"teste","publishDate":"2021-11-24T21:00:05.449Z"}</msg>
<status status="PASS" starttime="20211214 15:32:03.956" endtime="20211214 15:32:03.959"/>
</kw>
<kw name="Set Test Variable" library="BuiltIn">
<arg>${Resposta}</arg>
<doc>Makes a variable available everywhere within the scope of the current test.</doc>
<msg timestamp="20211214 15:32:03.961" level="INFO">${Resposta} = &lt;Response [200]&gt;</msg>
<status status="PASS" starttime="20211214 15:32:03.960" endtime="20211214 15:32:03.961"/>
</kw>
<status status="PASS" starttime="20211214 15:32:03.731" endtime="20211214 15:32:03.961"/>
</kw>
<kw name="Entao o status code &quot;200&quot;" library="resourceapi" sourcename="Entao o status code &quot;${STATUSCODE_DESEJADO}&quot;">
<kw name="Should Be Equal As Strings" library="BuiltIn">
<arg>${RESPOSTA.status_code}</arg>
<arg>${STATUSCODE_DESEJADO}</arg>
<doc>Fails if objects are unequal after converting them to strings.</doc>
<msg timestamp="20211214 15:32:03.969" level="INFO">Argument types are:
&lt;class 'int'&gt;
&lt;type 'unicode'&gt;</msg>
<status status="PASS" starttime="20211214 15:32:03.965" endtime="20211214 15:32:03.969"/>
</kw>
<status status="PASS" starttime="20211214 15:32:03.963" endtime="20211214 15:32:03.969"/>
</kw>
<status status="PASS" starttime="20211214 15:32:03.730" endtime="20211214 15:32:03.971"/>
</test>
<doc>Documentação da api: https://fakerestapi.azurewebsites.net/index.html</doc>
<status status="PASS" starttime="20211214 15:32:00.547" endtime="20211214 15:32:03.976"/>
</suite>
<statistics>
<total>
<stat pass="3" fail="0" skip="0">All Tests</stat>
</total>
<tag>
</tag>
<suite>
<stat pass="3" fail="0" skip="0" id="s1" name="Bookapi">Bookapi</stat>
</suite>
</statistics>
<errors>
</errors>
</robot>
